

Processing ApplicationController#index (for 127.0.0.1 at 2009-11-16 16:04:19) [GET]

ActionController::RoutingError (No route matches "/cappuccino/Frameworks/Objective-J/Objective-J.js" with {:method=>:get}):
  

Rendering rescues/layout (not_found)


Processing ApplicationController#index (for 127.0.0.1 at 2009-11-16 16:04:31) [GET]

ActionController::RoutingError (No route matches "/main.j" with {:method=>:get}):
  

Rendering rescues/layout (not_found)


Processing ApplicationController#index (for 127.0.0.1 at 2009-11-16 16:04:31) [GET]

ActionController::RoutingError (No route matches "/Frameworks/Foundation/Foundation.j" with {:method=>:get}):
  

Rendering rescues/layout (not_found)


Processing ApplicationController#index (for 127.0.0.1 at 2009-11-16 16:04:31) [GET]

ActionController::RoutingError (No route matches "/Frameworks/AppKit/AppKit.j" with {:method=>:get}):
  

Rendering rescues/layout (not_found)


Processing PostsController#index to json (for 127.0.0.1 at 2009-11-16 16:04:32) [GET]
  [4;35;1mPost Load (1.2ms)[0m   [0mSELECT * FROM "posts" [0m
Completed in 20ms (View: 8, DB: 1) | 200 OK [http://0.0.0.0/posts.json]


Processing ApplicationController#index (for 127.0.0.1 at 2009-11-17 00:48:23) [GET]

ActionController::RoutingError (No route matches "/main.j" with {:method=>:get}):
  

Rendering rescues/layout (not_found)


Processing ApplicationController#index (for 127.0.0.1 at 2009-11-17 00:48:24) [GET]

ActionController::RoutingError (No route matches "/Frameworks/Foundation/Foundation.j" with {:method=>:get}):
  

Rendering rescues/layout (not_found)


Processing ApplicationController#index (for 127.0.0.1 at 2009-11-17 00:48:24) [GET]

ActionController::RoutingError (No route matches "/Frameworks/AppKit/AppKit.j" with {:method=>:get}):
  

Rendering rescues/layout (not_found)


Processing PostsController#index to json (for 127.0.0.1 at 2009-11-17 00:48:25) [GET]
  [4;36;1mPost Load (1.4ms)[0m   [0;1mSELECT * FROM "posts" [0m
Completed in 1606ms (View: 1556, DB: 1) | 200 OK [http://0.0.0.0/posts.json]


Processing PostsController#create to json (for 127.0.0.1 at 2009-11-17 00:48:32) [POST]
  Parameters: {"post"=>{"body"=>"shala", "title"=>"ahah"}}
  [4;35;1mPost Create (0.5ms)[0m   [0mINSERT INTO "posts" ("created_at", "title", "body", "updated_at") VALUES('2009-11-16 23:48:32', 'ahah', 'shala', '2009-11-16 23:48:32')[0m
Completed in 174ms (View: 3, DB: 0) | 201 Created [http://0.0.0.0/posts.json]


Processing PostsController#index to json (for 127.0.0.1 at 2009-11-17 00:48:33) [GET]
  [4;36;1mPost Load (1.4ms)[0m   [0;1mSELECT * FROM "posts" [0m
Completed in 46ms (View: 13, DB: 1) | 200 OK [http://0.0.0.0/posts.json]


Processing ApplicationController#index (for 127.0.0.1 at 2009-11-17 00:48:51) [GET]

ActionController::RoutingError (No route matches "/main.j" with {:method=>:get}):
  

Rendering rescues/layout (not_found)


Processing ApplicationController#index (for 127.0.0.1 at 2009-11-17 00:48:52) [GET]

ActionController::RoutingError (No route matches "/Frameworks/AppKit/AppKit.j" with {:method=>:get}):
  

Rendering rescues/layout (not_found)


Processing ApplicationController#index (for 127.0.0.1 at 2009-11-17 00:48:52) [GET]

ActionController::RoutingError (No route matches "/Frameworks/Foundation/Foundation.j" with {:method=>:get}):
  

Rendering rescues/layout (not_found)


Processing PostsController#index to json (for 127.0.0.1 at 2009-11-17 00:48:54) [GET]
  [4;35;1mPost Load (6.8ms)[0m   [0mSELECT * FROM "posts" [0m
Completed in 35ms (View: 11, DB: 7) | 200 OK [http://0.0.0.0/posts.json]


Processing ApplicationController#index (for 127.0.0.1 at 2009-11-17 00:49:32) [GET]

ActionController::RoutingError (No route matches "/Frameworks/Objective-J/Objective-J.js" with {:method=>:get}):
  

Rendering rescues/layout (not_found)


Processing ApplicationController#index (for 127.0.0.1 at 2009-11-17 00:49:33) [GET]

ActionController::RoutingError (No route matches "/" with {:method=>:get}):
  

Rendering rescues/layout (not_found)


Processing ApplicationController#index (for 127.0.0.1 at 2009-11-17 00:52:08) [GET]

ActionController::RoutingError (No route matches "/main.j" with {:method=>:get}):
  

Rendering rescues/layout (not_found)


Processing ApplicationController#index (for 127.0.0.1 at 2009-11-17 00:52:09) [GET]

ActionController::RoutingError (No route matches "/Frameworks/Foundation/Foundation.j" with {:method=>:get}):
  

Rendering rescues/layout (not_found)


Processing ApplicationController#index (for 127.0.0.1 at 2009-11-17 00:52:09) [GET]

ActionController::RoutingError (No route matches "/Frameworks/AppKit/AppKit.j" with {:method=>:get}):
  

Rendering rescues/layout (not_found)


Processing PostsController#index to json (for 127.0.0.1 at 2009-11-17 00:52:10) [GET]
  [4;36;1mPost Load (1.5ms)[0m   [0;1mSELECT * FROM "posts" [0m
Completed in 23ms (View: 9, DB: 2) | 200 OK [http://0.0.0.0/posts.json]


Processing PostsController#create to json (for 127.0.0.1 at 2009-11-17 00:52:18) [POST]
  Parameters: {"post"=>{"body"=>"dccc", "title"=>"bbb"}}
  [4;35;1mPost Create (11.1ms)[0m   [0mINSERT INTO "posts" ("created_at", "title", "body", "updated_at") VALUES('2009-11-16 23:52:18', 'bbb', 'dccc', '2009-11-16 23:52:18')[0m
Completed in 32ms (View: 3, DB: 11) | 201 Created [http://0.0.0.0/posts.json]


Processing PostsController#index to json (for 127.0.0.1 at 2009-11-17 00:52:18) [GET]
  [4;36;1mPost Load (1.6ms)[0m   [0;1mSELECT * FROM "posts" [0m
Completed in 42ms (View: 10, DB: 2) | 200 OK [http://0.0.0.0/posts.json]
