  [4;35;1mSQL (0.1ms)[0m   [0mSET NAMES 'utf8'[0m
  [4;36;1mSQL (0.1ms)[0m   [0;1mSET SQL_AUTO_IS_NULL=0[0m


Processing PostsController#update to json (for 127.0.0.1 at 2009-05-16 12:00:38) [PUT]
  Parameters: {"post"=>{"body"=>"toon", "title"=>"acme"}, "id"=>"9"}
  [4;35;1mPost Columns (10.1ms)[0m   [0mSHOW FIELDS FROM `posts`[0m
  [4;36;1mPost Load (8.8ms)[0m   [0;1mSELECT * FROM `posts` WHERE (`posts`.`id` = 9) [0m
  [4;35;1mSQL (0.1ms)[0m   [0mBEGIN[0m
  [4;36;1mPost Update (1.0ms)[0m   [0;1mUPDATE `posts` SET `updated_at` = '2009-05-16 10:00:38', `title` = 'acme', `body` = 'toon' WHERE `id` = 9[0m
  [4;35;1mSQL (1.0ms)[0m   [0mCOMMIT[0m
Completed in 52ms (View: 1, DB: 21) | 406 Not Acceptable [http://0.0.0.0/posts/9.json]
  [4;36;1mSQL (0.1ms)[0m   [0;1mSET NAMES 'utf8'[0m
  [4;35;1mSQL (0.1ms)[0m   [0mSET SQL_AUTO_IS_NULL=0[0m


Processing PostsController#index to json (for 127.0.0.1 at 2009-05-16 12:00:39) [GET]
  [4;36;1mPost Load (0.3ms)[0m   [0;1mSELECT * FROM `posts` [0m
  [4;35;1mPost Columns (1.5ms)[0m   [0mSHOW FIELDS FROM `posts`[0m
Completed in 27ms (View: 7, DB: 2) | 200 OK [http://0.0.0.0/posts.json]
  [4;36;1mSQL (0.1ms)[0m   [0;1mSET NAMES 'utf8'[0m
  [4;35;1mSQL (0.1ms)[0m   [0mSET SQL_AUTO_IS_NULL=0[0m


Processing ApplicationController#index (for 127.0.0.1 at 2009-05-16 13:27:59) [GET]

ActionController::RoutingError (No route matches "/Frameworks/Foundation/Foundation.j" with {:method=>:get}):
  

Rendering rescues/layout (not_found)
  [4;36;1mSQL (0.1ms)[0m   [0;1mSET NAMES 'utf8'[0m
  [4;35;1mSQL (0.2ms)[0m   [0mSET SQL_AUTO_IS_NULL=0[0m


Processing ApplicationController#index (for 127.0.0.1 at 2009-05-16 13:27:59) [GET]

ActionController::RoutingError (No route matches "/Frameworks/AppKit/AppKit.j" with {:method=>:get}):
  

Rendering rescues/layout (not_found)
  [4;36;1mSQL (0.1ms)[0m   [0;1mSET NAMES 'utf8'[0m
  [4;35;1mSQL (0.3ms)[0m   [0mSET SQL_AUTO_IS_NULL=0[0m


Processing PostsController#index to json (for 127.0.0.1 at 2009-05-16 13:28:00) [GET]
Filter chain halted as [:authenticate] rendered_or_redirected.
Completed in 7ms (View: 1, DB: 0) | 401 Unauthorized [http://0.0.0.0/posts.json]
  [4;36;1mSQL (0.1ms)[0m   [0;1mSET NAMES 'utf8'[0m
  [4;35;1mSQL (0.1ms)[0m   [0mSET SQL_AUTO_IS_NULL=0[0m


Processing PostsController#index to json (for 127.0.0.1 at 2009-05-16 13:28:00) [GET]
  [4;36;1mPost Load (0.3ms)[0m   [0;1mSELECT * FROM `posts` [0m
  [4;35;1mPost Columns (4.2ms)[0m   [0mSHOW FIELDS FROM `posts`[0m
Completed in 50ms (View: 13, DB: 5) | 200 OK [http://0.0.0.0/posts.json]
  [4;36;1mSQL (0.1ms)[0m   [0;1mSET NAMES 'utf8'[0m
  [4;35;1mSQL (0.1ms)[0m   [0mSET SQL_AUTO_IS_NULL=0[0m


Processing PostsController#create to json (for 127.0.0.1 at 2009-05-16 13:28:26) [POST]
  Parameters: {"post"=>{"body"=>"Lorm ipsum dolor sit amet Etc ...", "title"=>"Welcome to Cappuccino"}}
  [4;36;1mPost Columns (1.6ms)[0m   [0;1mSHOW FIELDS FROM `posts`[0m
  [4;35;1mSQL (0.1ms)[0m   [0mBEGIN[0m
  [4;36;1mPost Create (0.2ms)[0m   [0;1mINSERT INTO `posts` (`created_at`, `title`, `body`, `updated_at`) VALUES('2009-05-16 11:28:26', 'Welcome to Cappuccino', 'Lorm ipsum dolor sit amet Etc ...', '2009-05-16 11:28:26')[0m
  [4;35;1mSQL (0.5ms)[0m   [0mCOMMIT[0m
Completed in 33ms (View: 4, DB: 3) | 201 Created [http://0.0.0.0/posts.json]
  [4;36;1mSQL (0.1ms)[0m   [0;1mSET NAMES 'utf8'[0m
  [4;35;1mSQL (0.1ms)[0m   [0mSET SQL_AUTO_IS_NULL=0[0m


Processing PostsController#index to json (for 127.0.0.1 at 2009-05-16 13:28:26) [GET]
  [4;36;1mPost Load (0.3ms)[0m   [0;1mSELECT * FROM `posts` [0m
  [4;35;1mPost Columns (1.2ms)[0m   [0mSHOW FIELDS FROM `posts`[0m
Completed in 28ms (View: 8, DB: 2) | 200 OK [http://0.0.0.0/posts.json]
  [4;36;1mSQL (0.3ms)[0m   [0;1mSET NAMES 'utf8'[0m
  [4;35;1mSQL (0.1ms)[0m   [0mSET SQL_AUTO_IS_NULL=0[0m


Processing ApplicationController#index (for 127.0.0.1 at 2009-05-17 11:21:56) [GET]

ActionController::RoutingError (No route matches "/Frameworks/Foundation/Foundation.j" with {:method=>:get}):
  

Rendering rescues/layout (not_found)
  [4;36;1mSQL (0.1ms)[0m   [0;1mSET NAMES 'utf8'[0m
  [4;35;1mSQL (0.1ms)[0m   [0mSET SQL_AUTO_IS_NULL=0[0m


Processing ApplicationController#index (for 127.0.0.1 at 2009-05-17 11:21:56) [GET]

ActionController::RoutingError (No route matches "/Frameworks/AppKit/AppKit.j" with {:method=>:get}):
  

Rendering rescues/layout (not_found)
  [4;36;1mSQL (0.1ms)[0m   [0;1mSET NAMES 'utf8'[0m
  [4;35;1mSQL (0.1ms)[0m   [0mSET SQL_AUTO_IS_NULL=0[0m


Processing PostsController#index to json (for 127.0.0.1 at 2009-05-17 11:21:57) [GET]
Filter chain halted as [:authenticate] rendered_or_redirected.
Completed in 28ms (View: 20, DB: 0) | 401 Unauthorized [http://0.0.0.0/posts.json]
  [4;36;1mSQL (0.1ms)[0m   [0;1mSET NAMES 'utf8'[0m
  [4;35;1mSQL (0.2ms)[0m   [0mSET SQL_AUTO_IS_NULL=0[0m


Processing PostsController#index to json (for 127.0.0.1 at 2009-05-17 11:21:57) [GET]
  [4;36;1mPost Load (2.9ms)[0m   [0;1mSELECT * FROM `posts` [0m
  [4;35;1mPost Columns (1.8ms)[0m   [0mSHOW FIELDS FROM `posts`[0m
Completed in 422ms (View: 352, DB: 5) | 200 OK [http://0.0.0.0/posts.json]
  [4;36;1mSQL (0.1ms)[0m   [0;1mSET NAMES 'utf8'[0m
  [4;35;1mSQL (0.1ms)[0m   [0mSET SQL_AUTO_IS_NULL=0[0m


Processing PostsController#destroy to json (for 127.0.0.1 at 2009-05-17 11:22:07) [DELETE]
  Parameters: {"id"=>"11"}
  [4;36;1mPost Columns (1.8ms)[0m   [0;1mSHOW FIELDS FROM `posts`[0m
  [4;35;1mPost Load (0.2ms)[0m   [0mSELECT * FROM `posts` WHERE (`posts`.`id` = 11) [0m
  [4;36;1mSQL (0.1ms)[0m   [0;1mBEGIN[0m
  [4;35;1mPost Destroy (0.2ms)[0m   [0mDELETE FROM `posts` WHERE `id` = 11[0m
  [4;36;1mSQL (35.2ms)[0m   [0;1mCOMMIT[0m
Completed in 61ms (View: 1, DB: 38) | 406 Not Acceptable [http://0.0.0.0/posts/11.json]
  [4;35;1mSQL (0.1ms)[0m   [0mSET NAMES 'utf8'[0m
  [4;36;1mSQL (0.1ms)[0m   [0;1mSET SQL_AUTO_IS_NULL=0[0m


Processing PostsController#index to json (for 127.0.0.1 at 2009-05-17 11:22:07) [GET]
  [4;35;1mPost Load (0.3ms)[0m   [0mSELECT * FROM `posts` [0m
  [4;36;1mPost Columns (1.2ms)[0m   [0;1mSHOW FIELDS FROM `posts`[0m
Completed in 27ms (View: 7, DB: 2) | 200 OK [http://0.0.0.0/posts.json]
  [4;35;1mSQL (0.1ms)[0m   [0mSET NAMES 'utf8'[0m
  [4;36;1mSQL (0.1ms)[0m   [0;1mSET SQL_AUTO_IS_NULL=0[0m


Processing PostsController#update to json (for 127.0.0.1 at 2009-05-17 11:22:15) [PUT]
  Parameters: {"post"=>{"body"=>"foobarwidget!!", "title"=>"Widget!"}, "id"=>"6"}
  [4;35;1mPost Columns (1.3ms)[0m   [0mSHOW FIELDS FROM `posts`[0m
  [4;36;1mPost Load (1.2ms)[0m   [0;1mSELECT * FROM `posts` WHERE (`posts`.`id` = 6) [0m
  [4;35;1mSQL (0.1ms)[0m   [0mBEGIN[0m
  [4;36;1mPost Update (15.5ms)[0m   [0;1mUPDATE `posts` SET `updated_at` = '2009-05-17 09:22:15', `title` = 'Widget!', `body` = 'foobarwidget!!' WHERE `id` = 6[0m
  [4;35;1mSQL (0.8ms)[0m   [0mCOMMIT[0m
Completed in 47ms (View: 1, DB: 19) | 406 Not Acceptable [http://0.0.0.0/posts/6.json]
  [4;36;1mSQL (0.1ms)[0m   [0;1mSET NAMES 'utf8'[0m
  [4;35;1mSQL (0.1ms)[0m   [0mSET SQL_AUTO_IS_NULL=0[0m


Processing PostsController#index to json (for 127.0.0.1 at 2009-05-17 11:22:15) [GET]
  [4;36;1mPost Load (0.3ms)[0m   [0;1mSELECT * FROM `posts` [0m
  [4;35;1mPost Columns (1.3ms)[0m   [0mSHOW FIELDS FROM `posts`[0m
Completed in 27ms (View: 7, DB: 2) | 200 OK [http://0.0.0.0/posts.json]
  [4;36;1mSQL (0.1ms)[0m   [0;1mSET NAMES 'utf8'[0m
  [4;35;1mSQL (0.1ms)[0m   [0mSET SQL_AUTO_IS_NULL=0[0m


Processing PostsController#create to json (for 127.0.0.1 at 2009-05-17 11:22:23) [POST]
  Parameters: {"post"=>{"body"=>"shala", "title"=>"ahah"}}
  [4;36;1mPost Columns (2.3ms)[0m   [0;1mSHOW FIELDS FROM `posts`[0m
  [4;35;1mSQL (0.1ms)[0m   [0mBEGIN[0m
  [4;36;1mPost Create (0.2ms)[0m   [0;1mINSERT INTO `posts` (`created_at`, `title`, `body`, `updated_at`) VALUES('2009-05-17 09:22:23', 'ahah', 'shala', '2009-05-17 09:22:23')[0m
  [4;35;1mSQL (0.5ms)[0m   [0mCOMMIT[0m
Completed in 34ms (View: 5, DB: 3) | 201 Created [http://0.0.0.0/posts.json]
  [4;36;1mSQL (0.1ms)[0m   [0;1mSET NAMES 'utf8'[0m
  [4;35;1mSQL (0.1ms)[0m   [0mSET SQL_AUTO_IS_NULL=0[0m


Processing PostsController#index to json (for 127.0.0.1 at 2009-05-17 11:22:23) [GET]
  [4;36;1mPost Load (0.3ms)[0m   [0;1mSELECT * FROM `posts` [0m
  [4;35;1mPost Columns (1.3ms)[0m   [0mSHOW FIELDS FROM `posts`[0m
Completed in 28ms (View: 8, DB: 2) | 200 OK [http://0.0.0.0/posts.json]
  [4;36;1mSQL (0.3ms)[0m   [0;1mSET NAMES 'utf8'[0m
  [4;35;1mSQL (0.2ms)[0m   [0mSET SQL_AUTO_IS_NULL=0[0m


Processing ApplicationController#index (for 127.0.0.1 at 2009-05-17 12:11:39) [GET]

ActionController::RoutingError (No route matches "/" with {:method=>:get}):
  

Rendering rescues/layout (not_found)
  [4;36;1mSQL (0.2ms)[0m   [0;1mSET NAMES 'utf8'[0m
  [4;35;1mSQL (0.1ms)[0m   [0mSET SQL_AUTO_IS_NULL=0[0m


Processing PostsController#index (for 127.0.0.1 at 2009-05-17 12:11:44) [GET]
Filter chain halted as [:authenticate] rendered_or_redirected.
Completed in 7ms (View: 6, DB: 0) | 401 Unauthorized [http://0.0.0.0/posts]
  [4;36;1mSQL (0.1ms)[0m   [0;1mSET NAMES 'utf8'[0m
  [4;35;1mSQL (0.1ms)[0m   [0mSET SQL_AUTO_IS_NULL=0[0m


Processing PostsController#index (for 127.0.0.1 at 2009-05-17 12:11:44) [GET]
  [4;36;1mPost Load (0.5ms)[0m   [0;1mSELECT * FROM `posts` [0m
Rendering template within layouts/posts
Rendering posts/index
  [4;35;1mPost Columns (1.3ms)[0m   [0mSHOW FIELDS FROM `posts`[0m
Rendered posts/_post (9.6ms)
Rendered posts/_post (3.3ms)
Rendered posts/_post (2.4ms)
Rendered posts/_post (2.4ms)
Completed in 92ms (View: 43, DB: 2) | 200 OK [http://0.0.0.0/posts]
  [4;36;1mSQL (0.1ms)[0m   [0;1mSET NAMES 'utf8'[0m
  [4;35;1mSQL (0.1ms)[0m   [0mSET SQL_AUTO_IS_NULL=0[0m


Processing PostsController#show (for 127.0.0.1 at 2009-05-17 12:11:50) [GET]
  Parameters: {"id"=>"9"}
  [4;36;1mPost Columns (1.2ms)[0m   [0;1mSHOW FIELDS FROM `posts`[0m
  [4;35;1mPost Load (0.9ms)[0m   [0mSELECT * FROM `posts` WHERE (`posts`.`id` = 9) [0m
Rendering template within layouts/posts
Rendering posts/show
Rendered posts/_post (4.4ms)
  [4;36;1mComment Load (0.3ms)[0m   [0;1mSELECT * FROM `comments` WHERE (`comments`.post_id = 9) [0m
  [4;35;1mComment Columns (1.1ms)[0m   [0mSHOW FIELDS FROM `comments`[0m
Completed in 84ms (View: 60, DB: 4) | 200 OK [http://0.0.0.0/posts/9]
  [4;36;1mSQL (0.1ms)[0m   [0;1mSET NAMES 'utf8'[0m
  [4;35;1mSQL (0.2ms)[0m   [0mSET SQL_AUTO_IS_NULL=0[0m


Processing PostsController#destroy (for 127.0.0.1 at 2009-05-17 12:11:53) [DELETE]
  Parameters: {"authenticity_token"=>"lG1H/VH3XF6v8icUtUjVFIqtpflEvn+8Z6ovvPbASgU=", "id"=>"9"}
  [4;36;1mPost Columns (1.2ms)[0m   [0;1mSHOW FIELDS FROM `posts`[0m
  [4;35;1mPost Load (0.3ms)[0m   [0mSELECT * FROM `posts` WHERE (`posts`.`id` = 9) [0m
  [4;36;1mSQL (0.1ms)[0m   [0;1mBEGIN[0m
  [4;35;1mPost Destroy (0.1ms)[0m   [0mDELETE FROM `posts` WHERE `id` = 9[0m
  [4;36;1mSQL (0.5ms)[0m   [0;1mCOMMIT[0m
Redirected to http://0.0.0.0:3000/posts
Completed in 24ms (DB: 3) | 302 Found [http://0.0.0.0/posts/9]
  [4;35;1mSQL (0.1ms)[0m   [0mSET NAMES 'utf8'[0m
  [4;36;1mSQL (0.1ms)[0m   [0;1mSET SQL_AUTO_IS_NULL=0[0m


Processing PostsController#index (for 127.0.0.1 at 2009-05-17 12:11:53) [GET]
  [4;35;1mPost Load (0.3ms)[0m   [0mSELECT * FROM `posts` [0m
Rendering template within layouts/posts
Rendering posts/index
  [4;36;1mPost Columns (1.2ms)[0m   [0;1mSHOW FIELDS FROM `posts`[0m
Rendered posts/_post (6.6ms)
Rendered posts/_post (2.3ms)
Rendered posts/_post (2.6ms)
Completed in 37ms (View: 17, DB: 2) | 200 OK [http://0.0.0.0/posts]
  [4;35;1mSQL (0.1ms)[0m   [0mSET NAMES 'utf8'[0m
  [4;36;1mSQL (0.1ms)[0m   [0;1mSET SQL_AUTO_IS_NULL=0[0m


Processing PostsController#show (for 127.0.0.1 at 2009-05-17 12:11:54) [GET]
  Parameters: {"id"=>"6"}
  [4;35;1mPost Columns (1.2ms)[0m   [0mSHOW FIELDS FROM `posts`[0m
  [4;36;1mPost Load (1.0ms)[0m   [0;1mSELECT * FROM `posts` WHERE (`posts`.`id` = 6) [0m
Rendering template within layouts/posts
Rendering posts/show
Rendered posts/_post (4.2ms)
  [4;35;1mComment Load (0.2ms)[0m   [0mSELECT * FROM `comments` WHERE (`comments`.post_id = 6) [0m
  [4;36;1mComment Columns (1.1ms)[0m   [0;1mSHOW FIELDS FROM `comments`[0m
Completed in 50ms (View: 27, DB: 4) | 200 OK [http://0.0.0.0/posts/6]
  [4;35;1mSQL (0.1ms)[0m   [0mSET NAMES 'utf8'[0m
  [4;36;1mSQL (0.1ms)[0m   [0;1mSET SQL_AUTO_IS_NULL=0[0m


Processing PostsController#destroy (for 127.0.0.1 at 2009-05-17 12:11:55) [DELETE]
  Parameters: {"authenticity_token"=>"lG1H/VH3XF6v8icUtUjVFIqtpflEvn+8Z6ovvPbASgU=", "id"=>"6"}
  [4;35;1mPost Columns (1.3ms)[0m   [0mSHOW FIELDS FROM `posts`[0m
  [4;36;1mPost Load (0.9ms)[0m   [0;1mSELECT * FROM `posts` WHERE (`posts`.`id` = 6) [0m
  [4;35;1mSQL (0.1ms)[0m   [0mBEGIN[0m
  [4;36;1mPost Destroy (0.2ms)[0m   [0;1mDELETE FROM `posts` WHERE `id` = 6[0m
  [4;35;1mSQL (0.5ms)[0m   [0mCOMMIT[0m
Redirected to http://0.0.0.0:3000/posts
Completed in 25ms (DB: 3) | 302 Found [http://0.0.0.0/posts/6]
  [4;36;1mSQL (0.1ms)[0m   [0;1mSET NAMES 'utf8'[0m
  [4;35;1mSQL (0.1ms)[0m   [0mSET SQL_AUTO_IS_NULL=0[0m


Processing PostsController#index (for 127.0.0.1 at 2009-05-17 12:11:55) [GET]
  [4;36;1mPost Load (0.2ms)[0m   [0;1mSELECT * FROM `posts` [0m
Rendering template within layouts/posts
Rendering posts/index
  [4;35;1mPost Columns (1.3ms)[0m   [0mSHOW FIELDS FROM `posts`[0m
Rendered posts/_post (7.0ms)
Rendered posts/_post (2.6ms)
Completed in 43ms (View: 21, DB: 2) | 200 OK [http://0.0.0.0/posts]
  [4;36;1mSQL (0.1ms)[0m   [0;1mSET NAMES 'utf8'[0m
  [4;35;1mSQL (0.1ms)[0m   [0mSET SQL_AUTO_IS_NULL=0[0m


Processing PostsController#show (for 127.0.0.1 at 2009-05-17 12:11:56) [GET]
  Parameters: {"id"=>"10"}
  [4;36;1mPost Columns (1.3ms)[0m   [0;1mSHOW FIELDS FROM `posts`[0m
  [4;35;1mPost Load (0.2ms)[0m   [0mSELECT * FROM `posts` WHERE (`posts`.`id` = 10) [0m
Rendering template within layouts/posts
Rendering posts/show
Rendered posts/_post (3.6ms)
  [4;36;1mComment Load (0.2ms)[0m   [0;1mSELECT * FROM `comments` WHERE (`comments`.post_id = 10) [0m
  [4;35;1mComment Columns (1.1ms)[0m   [0mSHOW FIELDS FROM `comments`[0m
Completed in 51ms (View: 28, DB: 3) | 200 OK [http://0.0.0.0/posts/10]
  [4;36;1mSQL (0.1ms)[0m   [0;1mSET NAMES 'utf8'[0m
  [4;35;1mSQL (0.1ms)[0m   [0mSET SQL_AUTO_IS_NULL=0[0m


Processing PostsController#destroy (for 127.0.0.1 at 2009-05-17 12:11:57) [DELETE]
  Parameters: {"authenticity_token"=>"lG1H/VH3XF6v8icUtUjVFIqtpflEvn+8Z6ovvPbASgU=", "id"=>"10"}
  [4;36;1mPost Columns (1.3ms)[0m   [0;1mSHOW FIELDS FROM `posts`[0m
  [4;35;1mPost Load (1.0ms)[0m   [0mSELECT * FROM `posts` WHERE (`posts`.`id` = 10) [0m
  [4;36;1mSQL (0.1ms)[0m   [0;1mBEGIN[0m
  [4;35;1mPost Destroy (0.2ms)[0m   [0mDELETE FROM `posts` WHERE `id` = 10[0m
  [4;36;1mSQL (0.5ms)[0m   [0;1mCOMMIT[0m
Redirected to http://0.0.0.0:3000/posts
Completed in 25ms (DB: 3) | 302 Found [http://0.0.0.0/posts/10]
  [4;35;1mSQL (0.1ms)[0m   [0mSET NAMES 'utf8'[0m
  [4;36;1mSQL (0.1ms)[0m   [0;1mSET SQL_AUTO_IS_NULL=0[0m


Processing PostsController#index (for 127.0.0.1 at 2009-05-17 12:11:58) [GET]
  [4;35;1mPost Load (0.3ms)[0m   [0mSELECT * FROM `posts` [0m
Rendering template within layouts/posts
Rendering posts/index
  [4;36;1mPost Columns (1.2ms)[0m   [0;1mSHOW FIELDS FROM `posts`[0m
Rendered posts/_post (6.7ms)
Completed in 31ms (View: 11, DB: 2) | 200 OK [http://0.0.0.0/posts]
  [4;35;1mSQL (0.1ms)[0m   [0mSET NAMES 'utf8'[0m
  [4;36;1mSQL (0.1ms)[0m   [0;1mSET SQL_AUTO_IS_NULL=0[0m


Processing PostsController#show (for 127.0.0.1 at 2009-05-17 12:11:58) [GET]
  Parameters: {"id"=>"12"}
  [4;35;1mPost Columns (1.2ms)[0m   [0mSHOW FIELDS FROM `posts`[0m
  [4;36;1mPost Load (0.3ms)[0m   [0;1mSELECT * FROM `posts` WHERE (`posts`.`id` = 12) [0m
Rendering template within layouts/posts
Rendering posts/show
Rendered posts/_post (3.6ms)
  [4;35;1mComment Load (0.2ms)[0m   [0mSELECT * FROM `comments` WHERE (`comments`.post_id = 12) [0m
  [4;36;1mComment Columns (1.1ms)[0m   [0;1mSHOW FIELDS FROM `comments`[0m
Completed in 49ms (View: 26, DB: 3) | 200 OK [http://0.0.0.0/posts/12]
  [4;35;1mSQL (0.1ms)[0m   [0mSET NAMES 'utf8'[0m
  [4;36;1mSQL (0.1ms)[0m   [0;1mSET SQL_AUTO_IS_NULL=0[0m


Processing PostsController#destroy (for 127.0.0.1 at 2009-05-17 12:12:00) [DELETE]
  Parameters: {"authenticity_token"=>"lG1H/VH3XF6v8icUtUjVFIqtpflEvn+8Z6ovvPbASgU=", "id"=>"12"}
  [4;35;1mPost Columns (2.2ms)[0m   [0mSHOW FIELDS FROM `posts`[0m
  [4;36;1mPost Load (0.2ms)[0m   [0;1mSELECT * FROM `posts` WHERE (`posts`.`id` = 12) [0m
  [4;35;1mSQL (0.1ms)[0m   [0mBEGIN[0m
  [4;36;1mPost Destroy (0.1ms)[0m   [0;1mDELETE FROM `posts` WHERE `id` = 12[0m
  [4;35;1mSQL (0.5ms)[0m   [0mCOMMIT[0m
Redirected to http://0.0.0.0:3000/posts
Completed in 25ms (DB: 3) | 302 Found [http://0.0.0.0/posts/12]
  [4;36;1mSQL (0.1ms)[0m   [0;1mSET NAMES 'utf8'[0m
  [4;35;1mSQL (0.1ms)[0m   [0mSET SQL_AUTO_IS_NULL=0[0m


Processing PostsController#index (for 127.0.0.1 at 2009-05-17 12:12:00) [GET]
  [4;36;1mPost Load (0.2ms)[0m   [0;1mSELECT * FROM `posts` [0m
Rendering template within layouts/posts
Rendering posts/index
Completed in 23ms (View: 4, DB: 0) | 200 OK [http://0.0.0.0/posts]
  [4;35;1mSQL (0.2ms)[0m   [0mSET NAMES 'utf8'[0m
  [4;36;1mSQL (0.1ms)[0m   [0;1mSET SQL_AUTO_IS_NULL=0[0m


Processing PostsController#index (for 127.0.0.1 at 2009-05-17 12:12:03) [GET]
  [4;35;1mPost Load (0.2ms)[0m   [0mSELECT * FROM `posts` [0m
Rendering template within layouts/posts
Rendering posts/index
Completed in 23ms (View: 4, DB: 0) | 200 OK [http://0.0.0.0/posts]
  [4;36;1mSQL (0.2ms)[0m   [0;1mSET NAMES 'utf8'[0m
  [4;35;1mSQL (0.1ms)[0m   [0mSET SQL_AUTO_IS_NULL=0[0m


Processing PostsController#index (for 127.0.0.1 at 2009-05-17 12:12:16) [GET]
  [4;36;1mPost Load (0.4ms)[0m   [0;1mSELECT * FROM `posts` [0m
Rendering template within layouts/posts
Rendering posts/index
Completed in 103ms (View: 21, DB: 1) | 200 OK [http://0.0.0.0/posts]
  [4;35;1mSQL (0.2ms)[0m   [0mSET NAMES 'utf8'[0m
  [4;36;1mSQL (0.1ms)[0m   [0;1mSET SQL_AUTO_IS_NULL=0[0m


Processing PostsController#new (for 127.0.0.1 at 2009-05-17 12:12:18) [GET]
  [4;35;1mPost Columns (1.3ms)[0m   [0mSHOW FIELDS FROM `posts`[0m
Rendering template within layouts/posts
Rendering posts/new
Completed in 38ms (View: 18, DB: 2) | 200 OK [http://0.0.0.0/posts/new]
  [4;36;1mSQL (0.1ms)[0m   [0;1mSET NAMES 'utf8'[0m
  [4;35;1mSQL (0.1ms)[0m   [0mSET SQL_AUTO_IS_NULL=0[0m


Processing PostsController#create (for 127.0.0.1 at 2009-05-17 12:12:25) [POST]
  Parameters: {"commit"=>"Create", "post"=>{"body"=>"bar", "title"=>"Foo"}, "authenticity_token"=>"lG1H/VH3XF6v8icUtUjVFIqtpflEvn+8Z6ovvPbASgU="}
  [4;36;1mPost Columns (1.3ms)[0m   [0;1mSHOW FIELDS FROM `posts`[0m
  [4;35;1mSQL (0.1ms)[0m   [0mBEGIN[0m
  [4;36;1mPost Create (0.2ms)[0m   [0;1mINSERT INTO `posts` (`created_at`, `title`, `body`, `updated_at`) VALUES('2009-05-17 10:12:25', 'Foo', 'bar', '2009-05-17 10:12:25')[0m
  [4;35;1mSQL (0.5ms)[0m   [0mCOMMIT[0m
Redirected to http://0.0.0.0:3000/posts/13
Completed in 54ms (DB: 2) | 302 Found [http://0.0.0.0/posts]
  [4;36;1mSQL (0.1ms)[0m   [0;1mSET NAMES 'utf8'[0m
  [4;35;1mSQL (0.1ms)[0m   [0mSET SQL_AUTO_IS_NULL=0[0m


Processing PostsController#show (for 127.0.0.1 at 2009-05-17 12:12:25) [GET]
  Parameters: {"id"=>"13"}
  [4;36;1mPost Columns (1.3ms)[0m   [0;1mSHOW FIELDS FROM `posts`[0m
  [4;35;1mPost Load (0.2ms)[0m   [0mSELECT * FROM `posts` WHERE (`posts`.`id` = 13) [0m
Rendering template within layouts/posts
Rendering posts/show
Rendered posts/_post (4.8ms)
  [4;36;1mComment Load (0.3ms)[0m   [0;1mSELECT * FROM `comments` WHERE (`comments`.post_id = 13) [0m
  [4;35;1mComment Columns (1.3ms)[0m   [0mSHOW FIELDS FROM `comments`[0m
Completed in 64ms (View: 41, DB: 3) | 200 OK [http://0.0.0.0/posts/13]
  [4;36;1mSQL (0.1ms)[0m   [0;1mSET NAMES 'utf8'[0m
  [4;35;1mSQL (0.1ms)[0m   [0mSET SQL_AUTO_IS_NULL=0[0m


Processing PostsController#index (for 127.0.0.1 at 2009-05-17 12:12:26) [GET]
  [4;36;1mPost Load (0.2ms)[0m   [0;1mSELECT * FROM `posts` [0m
Rendering template within layouts/posts
Rendering posts/index
  [4;35;1mPost Columns (1.2ms)[0m   [0mSHOW FIELDS FROM `posts`[0m
Rendered posts/_post (7.4ms)
Completed in 31ms (View: 12, DB: 2) | 200 OK [http://0.0.0.0/posts]
  [4;36;1mSQL (0.2ms)[0m   [0;1mSET NAMES 'utf8'[0m
  [4;35;1mSQL (0.2ms)[0m   [0mSET SQL_AUTO_IS_NULL=0[0m


Processing PostsController#new (for 127.0.0.1 at 2009-05-17 12:12:27) [GET]
  [4;36;1mPost Columns (1.2ms)[0m   [0;1mSHOW FIELDS FROM `posts`[0m
Rendering template within layouts/posts
Rendering posts/new
Completed in 30ms (View: 10, DB: 2) | 200 OK [http://0.0.0.0/posts/new]
  [4;35;1mSQL (0.1ms)[0m   [0mSET NAMES 'utf8'[0m
  [4;36;1mSQL (0.1ms)[0m   [0;1mSET SQL_AUTO_IS_NULL=0[0m


Processing PostsController#create (for 127.0.0.1 at 2009-05-17 12:12:33) [POST]
  Parameters: {"commit"=>"Create", "post"=>{"body"=>"Acme", "title"=>"Widget"}, "authenticity_token"=>"lG1H/VH3XF6v8icUtUjVFIqtpflEvn+8Z6ovvPbASgU="}
  [4;35;1mPost Columns (1.2ms)[0m   [0mSHOW FIELDS FROM `posts`[0m
  [4;36;1mSQL (0.1ms)[0m   [0;1mBEGIN[0m
  [4;35;1mPost Create (0.2ms)[0m   [0mINSERT INTO `posts` (`created_at`, `title`, `body`, `updated_at`) VALUES('2009-05-17 10:12:33', 'Widget', 'Acme', '2009-05-17 10:12:33')[0m
  [4;36;1mSQL (0.5ms)[0m   [0;1mCOMMIT[0m
Redirected to http://0.0.0.0:3000/posts/14
Completed in 29ms (DB: 2) | 302 Found [http://0.0.0.0/posts]
  [4;35;1mSQL (0.1ms)[0m   [0mSET NAMES 'utf8'[0m
  [4;36;1mSQL (0.1ms)[0m   [0;1mSET SQL_AUTO_IS_NULL=0[0m


Processing PostsController#show (for 127.0.0.1 at 2009-05-17 12:12:33) [GET]
  Parameters: {"id"=>"14"}
  [4;35;1mPost Columns (1.3ms)[0m   [0mSHOW FIELDS FROM `posts`[0m
  [4;36;1mPost Load (0.2ms)[0m   [0;1mSELECT * FROM `posts` WHERE (`posts`.`id` = 14) [0m
Rendering template within layouts/posts
Rendering posts/show
Rendered posts/_post (3.7ms)
  [4;35;1mComment Load (0.2ms)[0m   [0mSELECT * FROM `comments` WHERE (`comments`.post_id = 14) [0m
  [4;36;1mComment Columns (1.1ms)[0m   [0;1mSHOW FIELDS FROM `comments`[0m
Completed in 51ms (View: 28, DB: 3) | 200 OK [http://0.0.0.0/posts/14]
  [4;35;1mSQL (0.1ms)[0m   [0mSET NAMES 'utf8'[0m
  [4;36;1mSQL (0.1ms)[0m   [0;1mSET SQL_AUTO_IS_NULL=0[0m


Processing PostsController#index (for 127.0.0.1 at 2009-05-17 12:12:36) [GET]
  [4;35;1mPost Load (0.3ms)[0m   [0mSELECT * FROM `posts` [0m
Rendering template within layouts/posts
Rendering posts/index
  [4;36;1mPost Columns (1.2ms)[0m   [0;1mSHOW FIELDS FROM `posts`[0m
Rendered posts/_post (6.8ms)
Rendered posts/_post (2.3ms)
Completed in 35ms (View: 15, DB: 2) | 200 OK [http://0.0.0.0/posts]
  [4;36;1mSQL (0.2ms)[0m   [0;1mSET NAMES 'utf8'[0m
  [4;35;1mSQL (0.1ms)[0m   [0mSET SQL_AUTO_IS_NULL=0[0m


Processing PostsController#index (for 127.0.0.1 at 2009-05-17 12:18:00) [GET]
Filter chain halted as [:authenticate] rendered_or_redirected.
Completed in 7ms (View: 7, DB: 0) | 401 Unauthorized [http://0.0.0.0/posts]
  [4;36;1mSQL (0.1ms)[0m   [0;1mSET NAMES 'utf8'[0m
  [4;35;1mSQL (0.1ms)[0m   [0mSET SQL_AUTO_IS_NULL=0[0m


Processing PostsController#index (for 127.0.0.1 at 2009-05-17 12:18:03) [GET]
  [4;36;1mPost Load (0.4ms)[0m   [0;1mSELECT * FROM `posts` [0m
Rendering template within layouts/posts
Rendering posts/index
  [4;35;1mPost Columns (1.6ms)[0m   [0mSHOW FIELDS FROM `posts`[0m
Rendered posts/_post (10.0ms)
Rendered posts/_post (3.8ms)
Completed in 131ms (View: 97, DB: 2) | 200 OK [http://0.0.0.0/posts]
  [4;36;1mSQL (0.1ms)[0m   [0;1mSET NAMES 'utf8'[0m
  [4;35;1mSQL (0.1ms)[0m   [0mSET SQL_AUTO_IS_NULL=0[0m


Processing PostsController#show (for 127.0.0.1 at 2009-05-17 12:18:13) [GET]
  Parameters: {"id"=>"13"}
  [4;36;1mPost Columns (1.6ms)[0m   [0;1mSHOW FIELDS FROM `posts`[0m
  [4;35;1mPost Load (0.3ms)[0m   [0mSELECT * FROM `posts` WHERE (`posts`.`id` = 13) [0m
Rendering template within layouts/posts
Rendering posts/show
Rendered posts/_post (4.3ms)
  [4;36;1mComment Load (0.3ms)[0m   [0;1mSELECT * FROM `comments` WHERE (`comments`.post_id = 13) [0m
  [4;35;1mComment Columns (1.3ms)[0m   [0mSHOW FIELDS FROM `comments`[0m
Completed in 81ms (View: 58, DB: 4) | 200 OK [http://0.0.0.0/posts/13]
  [4;36;1mSQL (0.1ms)[0m   [0;1mSET NAMES 'utf8'[0m
  [4;35;1mSQL (0.1ms)[0m   [0mSET SQL_AUTO_IS_NULL=0[0m


Processing PostsController#destroy (for 127.0.0.1 at 2009-05-17 12:18:15) [DELETE]
  Parameters: {"authenticity_token"=>"O6/cpAcv3e/ccYasEf+rS+b6HNWOwh4vP6YKsRfA7gw=", "id"=>"13"}
  [4;36;1mPost Columns (272.6ms)[0m   [0;1mSHOW FIELDS FROM `posts`[0m
  [4;35;1mPost Load (0.3ms)[0m   [0mSELECT * FROM `posts` WHERE (`posts`.`id` = 13) [0m
  [4;36;1mSQL (0.2ms)[0m   [0;1mBEGIN[0m
  [4;35;1mPost Destroy (0.2ms)[0m   [0mDELETE FROM `posts` WHERE `id` = 13[0m
  [4;36;1mSQL (0.5ms)[0m   [0;1mCOMMIT[0m
Redirected to http://0.0.0.0:3000/posts
Completed in 297ms (DB: 274) | 302 Found [http://0.0.0.0/posts/13]
  [4;35;1mSQL (0.1ms)[0m   [0mSET NAMES 'utf8'[0m
  [4;36;1mSQL (0.1ms)[0m   [0;1mSET SQL_AUTO_IS_NULL=0[0m


Processing PostsController#index (for 127.0.0.1 at 2009-05-17 12:18:16) [GET]
  [4;35;1mPost Load (0.3ms)[0m   [0mSELECT * FROM `posts` [0m
Rendering template within layouts/posts
Rendering posts/index
  [4;36;1mPost Columns (1.4ms)[0m   [0;1mSHOW FIELDS FROM `posts`[0m
Rendered posts/_post (7.2ms)
Completed in 33ms (View: 11, DB: 2) | 200 OK [http://0.0.0.0/posts]
  [4;35;1mSQL (0.1ms)[0m   [0mSET NAMES 'utf8'[0m
  [4;36;1mSQL (0.1ms)[0m   [0;1mSET SQL_AUTO_IS_NULL=0[0m


Processing PostsController#show (for 127.0.0.1 at 2009-05-17 12:18:17) [GET]
  Parameters: {"id"=>"14"}
  [4;35;1mPost Columns (1.4ms)[0m   [0mSHOW FIELDS FROM `posts`[0m
  [4;36;1mPost Load (0.2ms)[0m   [0;1mSELECT * FROM `posts` WHERE (`posts`.`id` = 14) [0m
Rendering template within layouts/posts
Rendering posts/show
Rendered posts/_post (3.6ms)
  [4;35;1mComment Load (0.2ms)[0m   [0mSELECT * FROM `comments` WHERE (`comments`.post_id = 14) [0m
  [4;36;1mComment Columns (1.3ms)[0m   [0;1mSHOW FIELDS FROM `comments`[0m
Completed in 50ms (View: 27, DB: 3) | 200 OK [http://0.0.0.0/posts/14]
  [4;35;1mSQL (0.1ms)[0m   [0mSET NAMES 'utf8'[0m
  [4;36;1mSQL (0.1ms)[0m   [0;1mSET SQL_AUTO_IS_NULL=0[0m


Processing PostsController#destroy (for 127.0.0.1 at 2009-05-17 12:18:19) [DELETE]
  Parameters: {"authenticity_token"=>"O6/cpAcv3e/ccYasEf+rS+b6HNWOwh4vP6YKsRfA7gw=", "id"=>"14"}
  [4;35;1mPost Columns (1.5ms)[0m   [0mSHOW FIELDS FROM `posts`[0m
  [4;36;1mPost Load (0.2ms)[0m   [0;1mSELECT * FROM `posts` WHERE (`posts`.`id` = 14) [0m
  [4;35;1mSQL (0.1ms)[0m   [0mBEGIN[0m
  [4;36;1mPost Destroy (0.2ms)[0m   [0;1mDELETE FROM `posts` WHERE `id` = 14[0m
  [4;35;1mSQL (0.5ms)[0m   [0mCOMMIT[0m
Redirected to http://0.0.0.0:3000/posts
Completed in 24ms (DB: 3) | 302 Found [http://0.0.0.0/posts/14]
  [4;36;1mSQL (0.1ms)[0m   [0;1mSET NAMES 'utf8'[0m
  [4;35;1mSQL (0.1ms)[0m   [0mSET SQL_AUTO_IS_NULL=0[0m


Processing PostsController#index (for 127.0.0.1 at 2009-05-17 12:18:19) [GET]
  [4;36;1mPost Load (0.9ms)[0m   [0;1mSELECT * FROM `posts` [0m
Rendering template within layouts/posts
Rendering posts/index
Completed in 26ms (View: 5, DB: 1) | 200 OK [http://0.0.0.0/posts]
  [4;36;1mSQL (0.2ms)[0m   [0;1mSET NAMES 'utf8'[0m
  [4;35;1mSQL (0.1ms)[0m   [0mSET SQL_AUTO_IS_NULL=0[0m


Processing PostsController#index (for 127.0.0.1 at 2009-05-17 12:19:46) [GET]
Filter chain halted as [:authenticate] rendered_or_redirected.
Completed in 7ms (View: 7, DB: 0) | 401 Unauthorized [http://0.0.0.0/posts]
  [4;36;1mSQL (0.1ms)[0m   [0;1mSET NAMES 'utf8'[0m
  [4;35;1mSQL (0.1ms)[0m   [0mSET SQL_AUTO_IS_NULL=0[0m


Processing PostsController#index (for 127.0.0.1 at 2009-05-17 12:19:49) [GET]
  [4;36;1mPost Load (0.4ms)[0m   [0;1mSELECT * FROM `posts` [0m
Rendering template within layouts/posts
Rendering posts/index
Completed in 73ms (View: 40, DB: 1) | 200 OK [http://0.0.0.0/posts]
  [4;35;1mSQL (0.1ms)[0m   [0mSET NAMES 'utf8'[0m
  [4;36;1mSQL (0.1ms)[0m   [0;1mSET SQL_AUTO_IS_NULL=0[0m


Processing PostsController#new (for 127.0.0.1 at 2009-05-17 12:19:53) [GET]
  [4;35;1mPost Columns (2.2ms)[0m   [0mSHOW FIELDS FROM `posts`[0m
Rendering template within layouts/posts
Rendering posts/new
Completed in 39ms (View: 18, DB: 2) | 200 OK [http://0.0.0.0/posts/new]
  [4;36;1mSQL (0.1ms)[0m   [0;1mSET NAMES 'utf8'[0m
  [4;35;1mSQL (0.1ms)[0m   [0mSET SQL_AUTO_IS_NULL=0[0m


Processing PostsController#create (for 127.0.0.1 at 2009-05-17 12:19:57) [POST]
  Parameters: {"commit"=>"Create", "post"=>{"body"=>"Bar", "title"=>"Foo"}, "authenticity_token"=>"r/BuUBj5MqMvpI7hBC6hWS8tKogA6UoarsbtzEeQCRM="}
  [4;36;1mPost Columns (1.8ms)[0m   [0;1mSHOW FIELDS FROM `posts`[0m
  [4;35;1mSQL (0.1ms)[0m   [0mBEGIN[0m
  [4;36;1mPost Create (0.2ms)[0m   [0;1mINSERT INTO `posts` (`created_at`, `title`, `body`, `updated_at`) VALUES('2009-05-17 10:19:57', 'Foo', 'Bar', '2009-05-17 10:19:57')[0m
  [4;35;1mSQL (0.5ms)[0m   [0mCOMMIT[0m
Redirected to http://0.0.0.0:3000/posts/15
Completed in 54ms (DB: 3) | 302 Found [http://0.0.0.0/posts]
  [4;36;1mSQL (0.1ms)[0m   [0;1mSET NAMES 'utf8'[0m
  [4;35;1mSQL (0.1ms)[0m   [0mSET SQL_AUTO_IS_NULL=0[0m


Processing PostsController#show (for 127.0.0.1 at 2009-05-17 12:19:57) [GET]
  Parameters: {"id"=>"15"}
  [4;36;1mPost Columns (1.5ms)[0m   [0;1mSHOW FIELDS FROM `posts`[0m
  [4;35;1mPost Load (0.2ms)[0m   [0mSELECT * FROM `posts` WHERE (`posts`.`id` = 15) [0m
Rendering template within layouts/posts
Rendering posts/show
Rendered posts/_post (4.5ms)
  [4;36;1mComment Load (0.3ms)[0m   [0;1mSELECT * FROM `comments` WHERE (`comments`.post_id = 15) [0m
  [4;35;1mComment Columns (1.4ms)[0m   [0mSHOW FIELDS FROM `comments`[0m
Completed in 66ms (View: 43, DB: 4) | 200 OK [http://0.0.0.0/posts/15]
  [4;36;1mSQL (0.1ms)[0m   [0;1mSET NAMES 'utf8'[0m
  [4;35;1mSQL (0.1ms)[0m   [0mSET SQL_AUTO_IS_NULL=0[0m


Processing PostsController#index (for 127.0.0.1 at 2009-05-17 12:19:59) [GET]
  [4;36;1mPost Load (0.3ms)[0m   [0;1mSELECT * FROM `posts` [0m
Rendering template within layouts/posts
Rendering posts/index
  [4;35;1mPost Columns (1.4ms)[0m   [0mSHOW FIELDS FROM `posts`[0m
Rendered posts/_post (7.6ms)
Completed in 32ms (View: 12, DB: 2) | 200 OK [http://0.0.0.0/posts]
  [4;36;1mSQL (0.1ms)[0m   [0;1mSET NAMES 'utf8'[0m
  [4;35;1mSQL (0.1ms)[0m   [0mSET SQL_AUTO_IS_NULL=0[0m


Processing PostsController#new (for 127.0.0.1 at 2009-05-17 12:20:00) [GET]
  [4;36;1mPost Columns (1.4ms)[0m   [0;1mSHOW FIELDS FROM `posts`[0m
Rendering template within layouts/posts
Rendering posts/new
Completed in 31ms (View: 10, DB: 2) | 200 OK [http://0.0.0.0/posts/new]
  [4;35;1mSQL (0.1ms)[0m   [0mSET NAMES 'utf8'[0m
  [4;36;1mSQL (0.1ms)[0m   [0;1mSET SQL_AUTO_IS_NULL=0[0m


Processing PostsController#create (for 127.0.0.1 at 2009-05-17 12:20:05) [POST]
  Parameters: {"commit"=>"Create", "post"=>{"body"=>"Acme", "title"=>"Widget"}, "authenticity_token"=>"r/BuUBj5MqMvpI7hBC6hWS8tKogA6UoarsbtzEeQCRM="}
  [4;35;1mPost Columns (1.5ms)[0m   [0mSHOW FIELDS FROM `posts`[0m
  [4;36;1mSQL (0.1ms)[0m   [0;1mBEGIN[0m
  [4;35;1mPost Create (0.2ms)[0m   [0mINSERT INTO `posts` (`created_at`, `title`, `body`, `updated_at`) VALUES('2009-05-17 10:20:05', 'Widget', 'Acme', '2009-05-17 10:20:05')[0m
  [4;36;1mSQL (0.5ms)[0m   [0;1mCOMMIT[0m
Redirected to http://0.0.0.0:3000/posts/16
Completed in 33ms (DB: 3) | 302 Found [http://0.0.0.0/posts]
  [4;35;1mSQL (0.1ms)[0m   [0mSET NAMES 'utf8'[0m
  [4;36;1mSQL (0.1ms)[0m   [0;1mSET SQL_AUTO_IS_NULL=0[0m


Processing PostsController#show (for 127.0.0.1 at 2009-05-17 12:20:05) [GET]
  Parameters: {"id"=>"16"}
  [4;35;1mPost Columns (1.8ms)[0m   [0mSHOW FIELDS FROM `posts`[0m
  [4;36;1mPost Load (0.2ms)[0m   [0;1mSELECT * FROM `posts` WHERE (`posts`.`id` = 16) [0m
Rendering template within layouts/posts
Rendering posts/show
Rendered posts/_post (4.6ms)
  [4;35;1mComment Load (0.2ms)[0m   [0mSELECT * FROM `comments` WHERE (`comments`.post_id = 16) [0m
  [4;36;1mComment Columns (1.3ms)[0m   [0;1mSHOW FIELDS FROM `comments`[0m
Completed in 54ms (View: 30, DB: 4) | 200 OK [http://0.0.0.0/posts/16]
  [4;35;1mSQL (0.1ms)[0m   [0mSET NAMES 'utf8'[0m
  [4;36;1mSQL (0.1ms)[0m   [0;1mSET SQL_AUTO_IS_NULL=0[0m


Processing PostsController#index (for 127.0.0.1 at 2009-05-17 12:20:07) [GET]
  [4;35;1mPost Load (0.3ms)[0m   [0mSELECT * FROM `posts` [0m
Rendering template within layouts/posts
Rendering posts/index
  [4;36;1mPost Columns (1.4ms)[0m   [0;1mSHOW FIELDS FROM `posts`[0m
Rendered posts/_post (7.0ms)
Rendered posts/_post (2.4ms)
Completed in 35ms (View: 15, DB: 2) | 200 OK [http://0.0.0.0/posts]
  [4;35;1mSQL (0.1ms)[0m   [0mSET NAMES 'utf8'[0m
  [4;36;1mSQL (0.7ms)[0m   [0;1mSET SQL_AUTO_IS_NULL=0[0m


Processing ApplicationController#index (for 127.0.0.1 at 2009-05-17 12:20:44) [GET]

ActionController::RoutingError (No route matches "/Frameworks/AppKit/AppKit.j" with {:method=>:get}):
  

Rendering rescues/layout (not_found)
  [4;35;1mSQL (0.1ms)[0m   [0mSET NAMES 'utf8'[0m
  [4;36;1mSQL (0.1ms)[0m   [0;1mSET SQL_AUTO_IS_NULL=0[0m


Processing ApplicationController#index (for 127.0.0.1 at 2009-05-17 12:20:44) [GET]

ActionController::RoutingError (No route matches "/Frameworks/Foundation/Foundation.j" with {:method=>:get}):
  

Rendering rescues/layout (not_found)
  [4;35;1mSQL (0.3ms)[0m   [0mSET NAMES 'utf8'[0m
  [4;36;1mSQL (0.1ms)[0m   [0;1mSET SQL_AUTO_IS_NULL=0[0m


Processing PostsController#index to json (for 127.0.0.1 at 2009-05-17 12:20:45) [GET]
Filter chain halted as [:authenticate] rendered_or_redirected.
Completed in 9ms (View: 3, DB: 0) | 401 Unauthorized [http://0.0.0.0/posts.json]
  [4;35;1mSQL (0.1ms)[0m   [0mSET NAMES 'utf8'[0m
  [4;36;1mSQL (0.1ms)[0m   [0;1mSET SQL_AUTO_IS_NULL=0[0m


Processing PostsController#index to json (for 127.0.0.1 at 2009-05-17 12:20:45) [GET]
  [4;35;1mPost Load (0.3ms)[0m   [0mSELECT * FROM `posts` [0m
  [4;36;1mPost Columns (1.8ms)[0m   [0;1mSHOW FIELDS FROM `posts`[0m
Completed in 364ms (View: 331, DB: 2) | 200 OK [http://0.0.0.0/posts.json]
  [4;35;1mSQL (0.1ms)[0m   [0mSET NAMES 'utf8'[0m
  [4;36;1mSQL (0.1ms)[0m   [0;1mSET SQL_AUTO_IS_NULL=0[0m


Processing PostsController#index to json (for 127.0.0.1 at 2009-05-17 12:20:58) [GET]
  [4;35;1mPost Load (0.3ms)[0m   [0mSELECT * FROM `posts` [0m
  [4;36;1mPost Columns (1.3ms)[0m   [0;1mSHOW FIELDS FROM `posts`[0m
Completed in 47ms (View: 19, DB: 2) | 200 OK [http://0.0.0.0/posts.json]
  [4;35;1mSQL (0.1ms)[0m   [0mSET NAMES 'utf8'[0m
  [4;36;1mSQL (0.1ms)[0m   [0;1mSET SQL_AUTO_IS_NULL=0[0m


Processing ApplicationController#index (for 127.0.0.1 at 2009-05-17 12:21:14) [GET]

ActionController::RoutingError (No route matches "/Frameworks/Foundation/Foundation.j" with {:method=>:get}):
  

Rendering rescues/layout (not_found)
  [4;35;1mSQL (0.1ms)[0m   [0mSET NAMES 'utf8'[0m
  [4;36;1mSQL (0.2ms)[0m   [0;1mSET SQL_AUTO_IS_NULL=0[0m


Processing ApplicationController#index (for 127.0.0.1 at 2009-05-17 12:21:14) [GET]

ActionController::RoutingError (No route matches "/Frameworks/AppKit/AppKit.j" with {:method=>:get}):
  

Rendering rescues/layout (not_found)
  [4;35;1mSQL (0.1ms)[0m   [0mSET NAMES 'utf8'[0m
  [4;36;1mSQL (0.1ms)[0m   [0;1mSET SQL_AUTO_IS_NULL=0[0m


Processing PostsController#index (for 127.0.0.1 at 2009-05-17 12:21:18) [GET]
  [4;35;1mPost Load (0.3ms)[0m   [0mSELECT * FROM `posts` [0m
Rendering template within layouts/posts
Rendering posts/index
  [4;36;1mPost Columns (1.7ms)[0m   [0;1mSHOW FIELDS FROM `posts`[0m
Rendered posts/_post (7.2ms)
Rendered posts/_post (2.3ms)
Completed in 35ms (View: 15, DB: 2) | 200 OK [http://0.0.0.0/posts]
  [4;35;1mSQL (0.1ms)[0m   [0mSET NAMES 'utf8'[0m
  [4;36;1mSQL (0.1ms)[0m   [0;1mSET SQL_AUTO_IS_NULL=0[0m


Processing ApplicationController#index (for 127.0.0.1 at 2009-05-17 12:21:24) [GET]

ActionController::RoutingError (No route matches "/Frameworks/Foundation/Foundation.j" with {:method=>:get}):
  

Rendering rescues/layout (not_found)
  [4;35;1mSQL (0.1ms)[0m   [0mSET NAMES 'utf8'[0m
  [4;36;1mSQL (0.1ms)[0m   [0;1mSET SQL_AUTO_IS_NULL=0[0m


Processing PostsController#index (for 127.0.0.1 at 2009-05-17 12:27:04) [GET]
Filter chain halted as [:authenticate] rendered_or_redirected.
Completed in 2ms (View: 1, DB: 0) | 401 Unauthorized [http://0.0.0.0/posts]
  [4;35;1mSQL (0.1ms)[0m   [0mSET NAMES 'utf8'[0m
  [4;36;1mSQL (0.1ms)[0m   [0;1mSET SQL_AUTO_IS_NULL=0[0m


Processing PostsController#index (for 127.0.0.1 at 2009-05-17 12:27:04) [GET]
  [4;35;1mPost Load (2.0ms)[0m   [0mSELECT * FROM `posts` [0m
Rendering template within layouts/posts
Rendering posts/index
  [4;36;1mPost Columns (12.3ms)[0m   [0;1mSHOW FIELDS FROM `posts`[0m
Rendered posts/_post (19.8ms)
Rendered posts/_post (2.5ms)
Completed in 124ms (View: 23, DB: 14) | 200 OK [http://0.0.0.0/posts]
  [4;35;1mSQL (0.1ms)[0m   [0mSET NAMES 'utf8'[0m
  [4;36;1mSQL (2.8ms)[0m   [0;1mSET SQL_AUTO_IS_NULL=0[0m


Processing PostsController#index to atom (for 127.0.0.1 at 2009-05-17 12:27:07) [GET]
Filter chain halted as [:authenticate] rendered_or_redirected.
Completed in 2ms (View: 1, DB: 3) | 401 Unauthorized [http://0.0.0.0/posts.atom]
  [4;35;1mSQL (0.1ms)[0m   [0mSET NAMES 'utf8'[0m
  [4;36;1mSQL (0.1ms)[0m   [0;1mSET SQL_AUTO_IS_NULL=0[0m


Processing PostsController#index to atom (for 127.0.0.1 at 2009-05-17 12:27:07) [GET]
Filter chain halted as [:authenticate] rendered_or_redirected.
Completed in 2ms (View: 1, DB: 0) | 401 Unauthorized [http://0.0.0.0/posts.atom]
  [4;35;1mSQL (0.1ms)[0m   [0mSET NAMES 'utf8'[0m
  [4;36;1mSQL (0.1ms)[0m   [0;1mSET SQL_AUTO_IS_NULL=0[0m


Processing ApplicationController#index (for 127.0.0.1 at 2009-05-17 12:42:21) [OPTIONS]

ActionController::MethodNotAllowed (Only get and post requests are allowed.):
  

Rendered rescues/_trace (60.8ms)
Rendered rescues/_request_and_response (2.5ms)
Rendering rescues/layout (method_not_allowed)
  [4;35;1mSQL (0.1ms)[0m   [0mSET NAMES 'utf8'[0m
  [4;36;1mSQL (0.1ms)[0m   [0;1mSET SQL_AUTO_IS_NULL=0[0m


Processing ApplicationController#index (for 127.0.0.1 at 2009-05-17 12:42:38) [OPTIONS]

ActionController::MethodNotAllowed (Only get and post requests are allowed.):
  

Rendered rescues/_trace (58.4ms)
Rendered rescues/_request_and_response (0.5ms)
Rendering rescues/layout (method_not_allowed)
  [4;35;1mSQL (0.1ms)[0m   [0mSET NAMES 'utf8'[0m
  [4;36;1mSQL (0.1ms)[0m   [0;1mSET SQL_AUTO_IS_NULL=0[0m


Processing ApplicationController#index (for 127.0.0.1 at 2009-05-17 12:43:32) [OPTIONS]

ActionController::MethodNotAllowed (Only get and post requests are allowed.):
  

Rendered rescues/_trace (60.8ms)
Rendered rescues/_request_and_response (0.5ms)
Rendering rescues/layout (method_not_allowed)
  [4;36;1mSQL (0.2ms)[0m   [0;1mSET NAMES 'utf8'[0m
  [4;35;1mSQL (0.1ms)[0m   [0mSET SQL_AUTO_IS_NULL=0[0m


Processing ApplicationController#index (for 127.0.0.1 at 2009-05-17 12:49:49) [GET]

ActionController::RoutingError (No route matches "/Frameworks/AppKit/AppKit.j" with {:method=>:get}):
  

Rendering rescues/layout (not_found)
  [4;36;1mSQL (2.7ms)[0m   [0;1mSET NAMES 'utf8'[0m
  [4;35;1mSQL (0.1ms)[0m   [0mSET SQL_AUTO_IS_NULL=0[0m


Processing ApplicationController#index (for 127.0.0.1 at 2009-05-17 12:49:49) [GET]

ActionController::RoutingError (No route matches "/Frameworks/Foundation/Foundation.j" with {:method=>:get}):
  

Rendering rescues/layout (not_found)
  [4;36;1mSQL (0.1ms)[0m   [0;1mSET NAMES 'utf8'[0m
  [4;35;1mSQL (0.1ms)[0m   [0mSET SQL_AUTO_IS_NULL=0[0m


Processing ApplicationController#index (for 127.0.0.1 at 2009-05-17 12:50:55) [GET]

ActionController::RoutingError (No route matches "/Frameworks/AppKit/AppKit.j" with {:method=>:get}):
  

Rendering rescues/layout (not_found)
  [4;36;1mSQL (0.1ms)[0m   [0;1mSET NAMES 'utf8'[0m
  [4;35;1mSQL (0.1ms)[0m   [0mSET SQL_AUTO_IS_NULL=0[0m


Processing ApplicationController#index (for 127.0.0.1 at 2009-05-17 12:50:55) [GET]

ActionController::RoutingError (No route matches "/Frameworks/Foundation/Foundation.j" with {:method=>:get}):
  

Rendering rescues/layout (not_found)
  [4;36;1mSQL (0.1ms)[0m   [0;1mSET NAMES 'utf8'[0m
  [4;35;1mSQL (0.1ms)[0m   [0mSET SQL_AUTO_IS_NULL=0[0m


Processing PostsController#index to json (for 127.0.0.1 at 2009-05-17 12:50:56) [GET]
Filter chain halted as [:authenticate] rendered_or_redirected.
Completed in 7ms (View: 6, DB: 0) | 401 Unauthorized [http://0.0.0.0/posts.json]
  [4;36;1mSQL (0.1ms)[0m   [0;1mSET NAMES 'utf8'[0m
  [4;35;1mSQL (0.1ms)[0m   [0mSET SQL_AUTO_IS_NULL=0[0m


Processing PostsController#index to json (for 127.0.0.1 at 2009-05-17 12:50:56) [GET]
  [4;36;1mPost Load (0.4ms)[0m   [0;1mSELECT * FROM `posts` [0m
  [4;35;1mPost Columns (1.4ms)[0m   [0mSHOW FIELDS FROM `posts`[0m
Completed in 258ms (View: 199, DB: 2) | 200 OK [http://0.0.0.0/posts.json]
  [4;36;1mSQL (0.1ms)[0m   [0;1mSET NAMES 'utf8'[0m
  [4;35;1mSQL (0.1ms)[0m   [0mSET SQL_AUTO_IS_NULL=0[0m


Processing PostsController#index to atom (for 127.0.0.1 at 2009-05-17 12:57:10) [GET]
Filter chain halted as [:authenticate] rendered_or_redirected.
Completed in 2ms (View: 1, DB: 0) | 401 Unauthorized [http://0.0.0.0/posts.atom]
  [4;36;1mSQL (0.2ms)[0m   [0;1mSET NAMES 'utf8'[0m
  [4;35;1mSQL (0.2ms)[0m   [0mSET SQL_AUTO_IS_NULL=0[0m


Processing PostsController#index to atom (for 127.0.0.1 at 2009-05-17 12:57:10) [GET]
Filter chain halted as [:authenticate] rendered_or_redirected.
Completed in 2ms (View: 1, DB: 0) | 401 Unauthorized [http://0.0.0.0/posts.atom]
  [4;36;1mSQL (0.1ms)[0m   [0;1mSET NAMES 'utf8'[0m
  [4;35;1mSQL (0.1ms)[0m   [0mSET SQL_AUTO_IS_NULL=0[0m


Processing ApplicationController#index (for 127.0.0.1 at 2009-05-17 13:07:41) [GET]

ActionController::RoutingError (No route matches "/Frameworks/Foundation/Foundation.j" with {:method=>:get}):
  

Rendering rescues/layout (not_found)
  [4;36;1mSQL (1.8ms)[0m   [0;1mSET NAMES 'utf8'[0m
  [4;35;1mSQL (0.2ms)[0m   [0mSET SQL_AUTO_IS_NULL=0[0m


Processing ApplicationController#index (for 127.0.0.1 at 2009-05-17 13:07:41) [GET]

ActionController::RoutingError (No route matches "/Frameworks/AppKit/AppKit.j" with {:method=>:get}):
  

Rendering rescues/layout (not_found)
  [4;36;1mSQL (0.1ms)[0m   [0;1mSET NAMES 'utf8'[0m
  [4;35;1mSQL (0.1ms)[0m   [0mSET SQL_AUTO_IS_NULL=0[0m


Processing PostsController#index to json (for 127.0.0.1 at 2009-05-17 13:07:42) [GET]
Filter chain halted as [:authenticate] rendered_or_redirected.
Completed in 2ms (View: 1, DB: 0) | 401 Unauthorized [http://0.0.0.0/posts.json]
  [4;36;1mSQL (0.1ms)[0m   [0;1mSET NAMES 'utf8'[0m
  [4;35;1mSQL (0.1ms)[0m   [0mSET SQL_AUTO_IS_NULL=0[0m


Processing PostsController#index to json (for 127.0.0.1 at 2009-05-17 13:07:42) [GET]
  [4;36;1mPost Load (0.4ms)[0m   [0;1mSELECT * FROM `posts` [0m
  [4;35;1mPost Columns (2.2ms)[0m   [0mSHOW FIELDS FROM `posts`[0m
Completed in 28ms (View: 6, DB: 3) | 200 OK [http://0.0.0.0/posts.json]
  [4;36;1mSQL (0.1ms)[0m   [0;1mSET NAMES 'utf8'[0m
  [4;35;1mSQL (0.1ms)[0m   [0mSET SQL_AUTO_IS_NULL=0[0m


Processing PostsController#index (for 127.0.0.1 at 2009-05-17 13:07:53) [GET]
  [4;36;1mPost Load (0.3ms)[0m   [0;1mSELECT * FROM `posts` [0m
Rendering template within layouts/posts
Rendering posts/index
  [4;35;1mPost Columns (1.5ms)[0m   [0mSHOW FIELDS FROM `posts`[0m
Rendered posts/_post (8.0ms)
Rendered posts/_post (2.3ms)
Completed in 61ms (View: 37, DB: 2) | 200 OK [http://0.0.0.0/posts]
  [4;36;1mSQL (0.1ms)[0m   [0;1mSET NAMES 'utf8'[0m
  [4;35;1mSQL (0.1ms)[0m   [0mSET SQL_AUTO_IS_NULL=0[0m


Processing ApplicationController#index (for 127.0.0.1 at 2009-05-17 13:07:57) [GET]

ActionController::RoutingError (No route matches "/Frameworks/Foundation/Foundation.j" with {:method=>:get}):
  

Rendering rescues/layout (not_found)
  [4;36;1mSQL (0.1ms)[0m   [0;1mSET NAMES 'utf8'[0m
  [4;35;1mSQL (0.1ms)[0m   [0mSET SQL_AUTO_IS_NULL=0[0m


Processing ApplicationController#index (for 127.0.0.1 at 2009-05-17 13:07:57) [GET]

ActionController::RoutingError (No route matches "/Frameworks/AppKit/AppKit.j" with {:method=>:get}):
  

Rendering rescues/layout (not_found)
  [4;36;1mSQL (0.1ms)[0m   [0;1mSET NAMES 'utf8'[0m
  [4;35;1mSQL (0.1ms)[0m   [0mSET SQL_AUTO_IS_NULL=0[0m


Processing PostsController#index to json (for 127.0.0.1 at 2009-05-17 13:07:58) [GET]
  [4;36;1mPost Load (0.3ms)[0m   [0;1mSELECT * FROM `posts` [0m
  [4;35;1mPost Columns (1.4ms)[0m   [0mSHOW FIELDS FROM `posts`[0m
Completed in 26ms (View: 6, DB: 2) | 200 OK [http://0.0.0.0/posts.json]
  [4;36;1mSQL (0.1ms)[0m   [0;1mSET NAMES 'utf8'[0m
  [4;35;1mSQL (0.1ms)[0m   [0mSET SQL_AUTO_IS_NULL=0[0m


Processing PostsController#index to atom (for 127.0.0.1 at 2009-05-17 13:27:12) [GET]
Filter chain halted as [:authenticate] rendered_or_redirected.
Completed in 2ms (View: 1, DB: 0) | 401 Unauthorized [http://0.0.0.0/posts.atom]
  [4;36;1mSQL (0.1ms)[0m   [0;1mSET NAMES 'utf8'[0m
  [4;35;1mSQL (0.1ms)[0m   [0mSET SQL_AUTO_IS_NULL=0[0m


Processing PostsController#index to atom (for 127.0.0.1 at 2009-05-17 13:27:12) [GET]
Filter chain halted as [:authenticate] rendered_or_redirected.
Completed in 2ms (View: 1, DB: 0) | 401 Unauthorized [http://0.0.0.0/posts.atom]
  [4;36;1mSQL (0.1ms)[0m   [0;1mSET NAMES 'utf8'[0m
  [4;35;1mSQL (0.1ms)[0m   [0mSET SQL_AUTO_IS_NULL=0[0m


Processing ApplicationController#index (for 127.0.0.1 at 2009-05-17 13:30:35) [GET]

ActionController::RoutingError (No route matches "/Frameworks/AppKit/AppKit.j" with {:method=>:get}):
  

Rendering rescues/layout (not_found)
  [4;36;1mSQL (0.1ms)[0m   [0;1mSET NAMES 'utf8'[0m
  [4;35;1mSQL (0.1ms)[0m   [0mSET SQL_AUTO_IS_NULL=0[0m


Processing ApplicationController#index (for 127.0.0.1 at 2009-05-17 13:30:35) [GET]

ActionController::RoutingError (No route matches "/Frameworks/Foundation/Foundation.j" with {:method=>:get}):
  

Rendering rescues/layout (not_found)
  [4;36;1mSQL (0.1ms)[0m   [0;1mSET NAMES 'utf8'[0m
  [4;35;1mSQL (0.1ms)[0m   [0mSET SQL_AUTO_IS_NULL=0[0m


Processing PostsController#index to json (for 127.0.0.1 at 2009-05-17 13:30:36) [GET]
Filter chain halted as [:authenticate] rendered_or_redirected.
Completed in 2ms (View: 1, DB: 0) | 401 Unauthorized [http://0.0.0.0/posts.json]
  [4;36;1mSQL (0.1ms)[0m   [0;1mSET NAMES 'utf8'[0m
  [4;35;1mSQL (0.1ms)[0m   [0mSET SQL_AUTO_IS_NULL=0[0m


Processing PostsController#index to json (for 127.0.0.1 at 2009-05-17 13:30:36) [GET]
  [4;36;1mPost Load (0.3ms)[0m   [0;1mSELECT * FROM `posts` [0m
  [4;35;1mPost Columns (1.4ms)[0m   [0mSHOW FIELDS FROM `posts`[0m
Completed in 26ms (View: 6, DB: 2) | 200 OK [http://0.0.0.0/posts.json]
  [4;36;1mSQL (0.1ms)[0m   [0;1mSET NAMES 'utf8'[0m
  [4;35;1mSQL (0.1ms)[0m   [0mSET SQL_AUTO_IS_NULL=0[0m


Processing ApplicationController#index (for 127.0.0.1 at 2009-05-17 13:39:03) [GET]

ActionController::RoutingError (No route matches "/Frameworks/AppKit/AppKit.j" with {:method=>:get}):
  

Rendering rescues/layout (not_found)
  [4;36;1mSQL (0.1ms)[0m   [0;1mSET NAMES 'utf8'[0m
  [4;35;1mSQL (0.1ms)[0m   [0mSET SQL_AUTO_IS_NULL=0[0m


Processing ApplicationController#index (for 127.0.0.1 at 2009-05-17 13:39:03) [GET]

ActionController::RoutingError (No route matches "/Frameworks/Foundation/Foundation.j" with {:method=>:get}):
  

Rendering rescues/layout (not_found)
  [4;36;1mSQL (0.1ms)[0m   [0;1mSET NAMES 'utf8'[0m
  [4;35;1mSQL (0.1ms)[0m   [0mSET SQL_AUTO_IS_NULL=0[0m


Processing PostsController#index to json (for 127.0.0.1 at 2009-05-17 13:39:04) [GET]
Filter chain halted as [:authenticate] rendered_or_redirected.
Completed in 5ms (View: 1, DB: 0) | 401 Unauthorized [http://0.0.0.0/posts.json]
  [4;36;1mSQL (0.1ms)[0m   [0;1mSET NAMES 'utf8'[0m
  [4;35;1mSQL (0.1ms)[0m   [0mSET SQL_AUTO_IS_NULL=0[0m


Processing PostsController#index to json (for 127.0.0.1 at 2009-05-17 13:39:04) [GET]
  [4;36;1mPost Load (0.3ms)[0m   [0;1mSELECT * FROM `posts` [0m
  [4;35;1mPost Columns (1.7ms)[0m   [0mSHOW FIELDS FROM `posts`[0m
Completed in 34ms (View: 9, DB: 2) | 200 OK [http://0.0.0.0/posts.json]
  [4;36;1mSQL (0.1ms)[0m   [0;1mSET NAMES 'utf8'[0m
  [4;35;1mSQL (0.1ms)[0m   [0mSET SQL_AUTO_IS_NULL=0[0m


Processing PostsController#create to json (for 127.0.0.1 at 2009-05-17 13:39:17) [POST]
  Parameters: {"post"=>{"body"=>"null", "title"=>"null"}}
  [4;36;1mPost Columns (266.9ms)[0m   [0;1mSHOW FIELDS FROM `posts`[0m
  [4;35;1mSQL (0.1ms)[0m   [0mBEGIN[0m
  [4;36;1mPost Create (0.2ms)[0m   [0;1mINSERT INTO `posts` (`created_at`, `title`, `body`, `updated_at`) VALUES('2009-05-17 11:39:18', 'null', 'null', '2009-05-17 11:39:18')[0m
  [4;35;1mSQL (0.6ms)[0m   [0mCOMMIT[0m
Completed in 302ms (View: 4, DB: 268) | 201 Created [http://0.0.0.0/posts.json]
  [4;36;1mSQL (0.1ms)[0m   [0;1mSET NAMES 'utf8'[0m
  [4;35;1mSQL (0.1ms)[0m   [0mSET SQL_AUTO_IS_NULL=0[0m


Processing PostsController#index to json (for 127.0.0.1 at 2009-05-17 13:39:18) [GET]
  [4;36;1mPost Load (0.3ms)[0m   [0;1mSELECT * FROM `posts` [0m
  [4;35;1mPost Columns (2.3ms)[0m   [0mSHOW FIELDS FROM `posts`[0m
Completed in 30ms (View: 9, DB: 3) | 200 OK [http://0.0.0.0/posts.json]
  [4;36;1mSQL (0.1ms)[0m   [0;1mSET NAMES 'utf8'[0m
  [4;35;1mSQL (0.1ms)[0m   [0mSET SQL_AUTO_IS_NULL=0[0m


Processing PostsController#index (for 127.0.0.1 at 2009-05-17 13:39:22) [GET]
  [4;36;1mPost Load (0.3ms)[0m   [0;1mSELECT * FROM `posts` [0m
Rendering template within layouts/posts
Rendering posts/index
  [4;35;1mPost Columns (1.4ms)[0m   [0mSHOW FIELDS FROM `posts`[0m
Rendered posts/_post (7.1ms)
Rendered posts/_post (2.4ms)
Rendered posts/_post (4.3ms)
Rendered posts/_post (2.5ms)
Rendered posts/_post (2.5ms)
Completed in 46ms (View: 26, DB: 2) | 200 OK [http://0.0.0.0/posts]
  [4;36;1mSQL (0.1ms)[0m   [0;1mSET NAMES 'utf8'[0m
  [4;35;1mSQL (0.1ms)[0m   [0mSET SQL_AUTO_IS_NULL=0[0m


Processing PostsController#show (for 127.0.0.1 at 2009-05-17 13:39:34) [GET]
  Parameters: {"id"=>"19"}
  [4;36;1mPost Columns (99.0ms)[0m   [0;1mSHOW FIELDS FROM `posts`[0m
  [4;35;1mPost Load (0.2ms)[0m   [0mSELECT * FROM `posts` WHERE (`posts`.`id` = 19) [0m
Rendering template within layouts/posts
Rendering posts/show
Rendered posts/_post (4.7ms)
  [4;36;1mComment Load (0.3ms)[0m   [0;1mSELECT * FROM `comments` WHERE (`comments`.post_id = 19) [0m
  [4;35;1mComment Columns (1.4ms)[0m   [0mSHOW FIELDS FROM `comments`[0m
Completed in 175ms (View: 54, DB: 101) | 200 OK [http://0.0.0.0/posts/19]
  [4;36;1mSQL (0.1ms)[0m   [0;1mSET NAMES 'utf8'[0m
  [4;35;1mSQL (0.1ms)[0m   [0mSET SQL_AUTO_IS_NULL=0[0m


Processing PostsController#destroy (for 127.0.0.1 at 2009-05-17 13:39:37) [DELETE]
  Parameters: {"authenticity_token"=>"r/BuUBj5MqMvpI7hBC6hWS8tKogA6UoarsbtzEeQCRM=", "id"=>"19"}
  [4;36;1mPost Columns (1.4ms)[0m   [0;1mSHOW FIELDS FROM `posts`[0m
  [4;35;1mPost Load (0.3ms)[0m   [0mSELECT * FROM `posts` WHERE (`posts`.`id` = 19) [0m
  [4;36;1mSQL (0.1ms)[0m   [0;1mBEGIN[0m
  [4;35;1mPost Destroy (0.1ms)[0m   [0mDELETE FROM `posts` WHERE `id` = 19[0m
  [4;36;1mSQL (0.5ms)[0m   [0;1mCOMMIT[0m
Redirected to http://0.0.0.0:3000/posts
Completed in 24ms (DB: 3) | 302 Found [http://0.0.0.0/posts/19]
  [4;35;1mSQL (0.1ms)[0m   [0mSET NAMES 'utf8'[0m
  [4;36;1mSQL (0.1ms)[0m   [0;1mSET SQL_AUTO_IS_NULL=0[0m


Processing PostsController#index (for 127.0.0.1 at 2009-05-17 13:39:37) [GET]
  [4;35;1mPost Load (0.3ms)[0m   [0mSELECT * FROM `posts` [0m
Rendering template within layouts/posts
Rendering posts/index
  [4;36;1mPost Columns (3.8ms)[0m   [0;1mSHOW FIELDS FROM `posts`[0m
Rendered posts/_post (9.5ms)
Rendered posts/_post (2.6ms)
Rendered posts/_post (2.6ms)
Rendered posts/_post (2.4ms)
Completed in 42ms (View: 20, DB: 4) | 200 OK [http://0.0.0.0/posts]
  [4;35;1mSQL (0.1ms)[0m   [0mSET NAMES 'utf8'[0m
  [4;36;1mSQL (0.1ms)[0m   [0;1mSET SQL_AUTO_IS_NULL=0[0m


Processing ApplicationController#index (for 127.0.0.1 at 2009-05-17 13:39:56) [GET]

ActionController::RoutingError (No route matches "/Frameworks/AppKit/AppKit.j" with {:method=>:get}):
  

Rendering rescues/layout (not_found)
  [4;35;1mSQL (0.1ms)[0m   [0mSET NAMES 'utf8'[0m
  [4;36;1mSQL (0.3ms)[0m   [0;1mSET SQL_AUTO_IS_NULL=0[0m


Processing ApplicationController#index (for 127.0.0.1 at 2009-05-17 13:39:56) [GET]

ActionController::RoutingError (No route matches "/Frameworks/Foundation/Foundation.j" with {:method=>:get}):
  

Rendering rescues/layout (not_found)
  [4;35;1mSQL (0.2ms)[0m   [0mSET NAMES 'utf8'[0m
  [4;36;1mSQL (0.1ms)[0m   [0;1mSET SQL_AUTO_IS_NULL=0[0m


Processing PostsController#index to json (for 127.0.0.1 at 2009-05-17 13:39:57) [GET]
Filter chain halted as [:authenticate] rendered_or_redirected.
Completed in 6ms (View: 1, DB: 0) | 401 Unauthorized [http://0.0.0.0/posts.json]
  [4;35;1mSQL (0.1ms)[0m   [0mSET NAMES 'utf8'[0m
  [4;36;1mSQL (0.1ms)[0m   [0;1mSET SQL_AUTO_IS_NULL=0[0m


Processing PostsController#index to json (for 127.0.0.1 at 2009-05-17 13:40:03) [GET]
  [4;35;1mPost Load (0.3ms)[0m   [0mSELECT * FROM `posts` [0m
  [4;36;1mPost Columns (1.9ms)[0m   [0;1mSHOW FIELDS FROM `posts`[0m
Completed in 78ms (View: 8, DB: 2) | 200 OK [http://0.0.0.0/posts.json]
  [4;35;1mSQL (3.0ms)[0m   [0mSET NAMES 'utf8'[0m
  [4;36;1mSQL (0.1ms)[0m   [0;1mSET SQL_AUTO_IS_NULL=0[0m


Processing PostsController#index (for 127.0.0.1 at 2009-05-17 13:40:07) [GET]
  [4;35;1mPost Load (0.3ms)[0m   [0mSELECT * FROM `posts` [0m
Rendering template within layouts/posts
Rendering posts/index
  [4;36;1mPost Columns (20.4ms)[0m   [0;1mSHOW FIELDS FROM `posts`[0m
Rendered posts/_post (27.0ms)
Rendered posts/_post (2.7ms)
Rendered posts/_post (3.1ms)
Rendered posts/_post (2.4ms)
Completed in 122ms (View: 69, DB: 24) | 200 OK [http://0.0.0.0/posts]
  [4;35;1mSQL (0.1ms)[0m   [0mSET NAMES 'utf8'[0m
  [4;36;1mSQL (0.1ms)[0m   [0;1mSET SQL_AUTO_IS_NULL=0[0m


Processing PostsController#show (for 127.0.0.1 at 2009-05-17 13:40:10) [GET]
  Parameters: {"id"=>"18"}
  [4;35;1mPost Columns (2.2ms)[0m   [0mSHOW FIELDS FROM `posts`[0m
  [4;36;1mPost Load (0.2ms)[0m   [0;1mSELECT * FROM `posts` WHERE (`posts`.`id` = 18) [0m
Rendering template within layouts/posts
Rendering posts/show
Rendered posts/_post (4.6ms)
  [4;35;1mComment Load (0.2ms)[0m   [0mSELECT * FROM `comments` WHERE (`comments`.post_id = 18) [0m
  [4;36;1mComment Columns (1.3ms)[0m   [0;1mSHOW FIELDS FROM `comments`[0m
Completed in 52ms (View: 28, DB: 4) | 200 OK [http://0.0.0.0/posts/18]
  [4;35;1mSQL (0.1ms)[0m   [0mSET NAMES 'utf8'[0m
  [4;36;1mSQL (0.1ms)[0m   [0;1mSET SQL_AUTO_IS_NULL=0[0m


Processing PostsController#destroy (for 127.0.0.1 at 2009-05-17 13:40:13) [DELETE]
  Parameters: {"authenticity_token"=>"BfNRE80Cv8sA8FULnR7KZsAUWsGAGk2FMb2E52oVy1E=", "id"=>"18"}
  [4;35;1mPost Columns (1.5ms)[0m   [0mSHOW FIELDS FROM `posts`[0m
  [4;36;1mPost Load (0.2ms)[0m   [0;1mSELECT * FROM `posts` WHERE (`posts`.`id` = 18) [0m
  [4;35;1mSQL (0.1ms)[0m   [0mBEGIN[0m
  [4;36;1mPost Destroy (0.2ms)[0m   [0;1mDELETE FROM `posts` WHERE `id` = 18[0m
  [4;35;1mSQL (0.6ms)[0m   [0mCOMMIT[0m
Redirected to http://0.0.0.0:3000/posts
Completed in 24ms (DB: 3) | 302 Found [http://0.0.0.0/posts/18]
  [4;36;1mSQL (0.1ms)[0m   [0;1mSET NAMES 'utf8'[0m
  [4;35;1mSQL (0.1ms)[0m   [0mSET SQL_AUTO_IS_NULL=0[0m


Processing PostsController#index (for 127.0.0.1 at 2009-05-17 13:40:13) [GET]
  [4;36;1mPost Load (0.4ms)[0m   [0;1mSELECT * FROM `posts` [0m
Rendering template within layouts/posts
Rendering posts/index
  [4;35;1mPost Columns (1.4ms)[0m   [0mSHOW FIELDS FROM `posts`[0m
Rendered posts/_post (6.8ms)
Rendered posts/_post (2.3ms)
Rendered posts/_post (4.0ms)
Completed in 39ms (View: 18, DB: 2) | 200 OK [http://0.0.0.0/posts]
  [4;36;1mSQL (0.1ms)[0m   [0;1mSET NAMES 'utf8'[0m
  [4;35;1mSQL (0.1ms)[0m   [0mSET SQL_AUTO_IS_NULL=0[0m


Processing PostsController#show (for 127.0.0.1 at 2009-05-17 13:40:15) [GET]
  Parameters: {"id"=>"17"}
  [4;36;1mPost Columns (21.3ms)[0m   [0;1mSHOW FIELDS FROM `posts`[0m
  [4;35;1mPost Load (2.7ms)[0m   [0mSELECT * FROM `posts` WHERE (`posts`.`id` = 17) [0m
Rendering template within layouts/posts
Rendering posts/show
Rendered posts/_post (4.9ms)
  [4;36;1mComment Load (0.2ms)[0m   [0;1mSELECT * FROM `comments` WHERE (`comments`.post_id = 17) [0m
  [4;35;1mComment Columns (6.2ms)[0m   [0mSHOW FIELDS FROM `comments`[0m
Completed in 96ms (View: 43, DB: 31) | 200 OK [http://0.0.0.0/posts/17]
  [4;36;1mSQL (0.1ms)[0m   [0;1mSET NAMES 'utf8'[0m
  [4;35;1mSQL (0.1ms)[0m   [0mSET SQL_AUTO_IS_NULL=0[0m


Processing PostsController#destroy (for 127.0.0.1 at 2009-05-17 13:40:17) [DELETE]
  Parameters: {"authenticity_token"=>"BfNRE80Cv8sA8FULnR7KZsAUWsGAGk2FMb2E52oVy1E=", "id"=>"17"}
  [4;36;1mPost Columns (2.0ms)[0m   [0;1mSHOW FIELDS FROM `posts`[0m
  [4;35;1mPost Load (0.2ms)[0m   [0mSELECT * FROM `posts` WHERE (`posts`.`id` = 17) [0m
  [4;36;1mSQL (0.1ms)[0m   [0;1mBEGIN[0m
  [4;35;1mPost Destroy (0.2ms)[0m   [0mDELETE FROM `posts` WHERE `id` = 17[0m
  [4;36;1mSQL (0.4ms)[0m   [0;1mCOMMIT[0m
Redirected to http://0.0.0.0:3000/posts
Completed in 33ms (DB: 3) | 302 Found [http://0.0.0.0/posts/17]
  [4;35;1mSQL (0.1ms)[0m   [0mSET NAMES 'utf8'[0m
  [4;36;1mSQL (0.1ms)[0m   [0;1mSET SQL_AUTO_IS_NULL=0[0m


Processing PostsController#index (for 127.0.0.1 at 2009-05-17 13:40:17) [GET]
  [4;35;1mPost Load (0.3ms)[0m   [0mSELECT * FROM `posts` [0m
Rendering template within layouts/posts
Rendering posts/index
  [4;36;1mPost Columns (1.4ms)[0m   [0;1mSHOW FIELDS FROM `posts`[0m
Rendered posts/_post (7.0ms)
Rendered posts/_post (2.4ms)
Completed in 35ms (View: 15, DB: 2) | 200 OK [http://0.0.0.0/posts]
  [4;35;1mSQL (0.2ms)[0m   [0mSET NAMES 'utf8'[0m
  [4;36;1mSQL (0.2ms)[0m   [0;1mSET SQL_AUTO_IS_NULL=0[0m


Processing PostsController#index (for 127.0.0.1 at 2009-05-17 13:40:26) [GET]
Filter chain halted as [:authenticate] rendered_or_redirected.
Completed in 3ms (View: 2, DB: 0) | 401 Unauthorized [http://0.0.0.0/posts]
  [4;35;1mSQL (0.1ms)[0m   [0mSET NAMES 'utf8'[0m
  [4;36;1mSQL (0.1ms)[0m   [0;1mSET SQL_AUTO_IS_NULL=0[0m


Processing PostsController#index (for 127.0.0.1 at 2009-05-17 13:40:26) [GET]
  [4;35;1mPost Load (0.3ms)[0m   [0mSELECT * FROM `posts` [0m
Rendering template within layouts/posts
Rendering posts/index
  [4;36;1mPost Columns (2.5ms)[0m   [0;1mSHOW FIELDS FROM `posts`[0m
Rendered posts/_post (9.8ms)
Rendered posts/_post (2.7ms)
Completed in 49ms (View: 18, DB: 3) | 200 OK [http://0.0.0.0/posts]
  [4;35;1mSQL (0.1ms)[0m   [0mSET NAMES 'utf8'[0m
  [4;36;1mSQL (0.1ms)[0m   [0;1mSET SQL_AUTO_IS_NULL=0[0m


Processing ApplicationController#index (for 127.0.0.1 at 2009-05-17 13:40:41) [GET]

ActionController::RoutingError (No route matches "/Frameworks/AppKit/AppKit.j" with {:method=>:get}):
  

Rendering rescues/layout (not_found)
  [4;35;1mSQL (0.2ms)[0m   [0mSET NAMES 'utf8'[0m
  [4;36;1mSQL (0.3ms)[0m   [0;1mSET SQL_AUTO_IS_NULL=0[0m


Processing ApplicationController#index (for 127.0.0.1 at 2009-05-17 13:40:41) [GET]

ActionController::RoutingError (No route matches "/Frameworks/Foundation/Foundation.j" with {:method=>:get}):
  

Rendering rescues/layout (not_found)
  [4;35;1mSQL (0.1ms)[0m   [0mSET NAMES 'utf8'[0m
  [4;36;1mSQL (0.1ms)[0m   [0;1mSET SQL_AUTO_IS_NULL=0[0m


Processing PostsController#index to json (for 127.0.0.1 at 2009-05-17 13:40:42) [GET]
  [4;35;1mPost Load (0.3ms)[0m   [0mSELECT * FROM `posts` [0m
  [4;36;1mPost Columns (10.1ms)[0m   [0;1mSHOW FIELDS FROM `posts`[0m
Completed in 94ms (View: 46, DB: 11) | 200 OK [http://0.0.0.0/posts.json]
  [4;35;1mSQL (0.1ms)[0m   [0mSET NAMES 'utf8'[0m
  [4;36;1mSQL (0.1ms)[0m   [0;1mSET SQL_AUTO_IS_NULL=0[0m


Processing ApplicationController#index (for 127.0.0.1 at 2009-05-17 13:40:49) [GET]

ActionController::RoutingError (No route matches "/Frameworks/AppKit/AppKit.j" with {:method=>:get}):
  

Rendering rescues/layout (not_found)
  [4;35;1mSQL (0.1ms)[0m   [0mSET NAMES 'utf8'[0m
  [4;36;1mSQL (0.1ms)[0m   [0;1mSET SQL_AUTO_IS_NULL=0[0m


Processing ApplicationController#index (for 127.0.0.1 at 2009-05-17 13:40:49) [GET]

ActionController::RoutingError (No route matches "/Frameworks/Foundation/Foundation.j" with {:method=>:get}):
  

Rendering rescues/layout (not_found)
  [4;35;1mSQL (0.1ms)[0m   [0mSET NAMES 'utf8'[0m
  [4;36;1mSQL (0.1ms)[0m   [0;1mSET SQL_AUTO_IS_NULL=0[0m


Processing PostsController#index to json (for 127.0.0.1 at 2009-05-17 13:40:50) [GET]
  [4;35;1mPost Load (0.3ms)[0m   [0mSELECT * FROM `posts` [0m
  [4;36;1mPost Columns (1.4ms)[0m   [0;1mSHOW FIELDS FROM `posts`[0m
Completed in 26ms (View: 6, DB: 2) | 200 OK [http://0.0.0.0/posts.json]
  [4;35;1mSQL (0.2ms)[0m   [0mSET NAMES 'utf8'[0m
  [4;36;1mSQL (0.1ms)[0m   [0;1mSET SQL_AUTO_IS_NULL=0[0m


Processing PostsController#create to json (for 127.0.0.1 at 2009-05-17 13:40:59) [POST]
  Parameters: {"post"=>{"body"=>"And the body", "title"=>"This is the title"}}
  [4;35;1mPost Columns (1.9ms)[0m   [0mSHOW FIELDS FROM `posts`[0m
  [4;36;1mSQL (0.1ms)[0m   [0;1mBEGIN[0m
  [4;35;1mPost Create (0.2ms)[0m   [0mINSERT INTO `posts` (`created_at`, `title`, `body`, `updated_at`) VALUES('2009-05-17 11:40:59', 'This is the title', 'And the body', '2009-05-17 11:40:59')[0m
  [4;36;1mSQL (0.5ms)[0m   [0;1mCOMMIT[0m
Completed in 34ms (View: 3, DB: 3) | 201 Created [http://0.0.0.0/posts.json]
  [4;35;1mSQL (0.1ms)[0m   [0mSET NAMES 'utf8'[0m
  [4;36;1mSQL (0.1ms)[0m   [0;1mSET SQL_AUTO_IS_NULL=0[0m


Processing PostsController#index to json (for 127.0.0.1 at 2009-05-17 13:40:59) [GET]
  [4;35;1mPost Load (0.3ms)[0m   [0mSELECT * FROM `posts` [0m
  [4;36;1mPost Columns (1.5ms)[0m   [0;1mSHOW FIELDS FROM `posts`[0m
Completed in 27ms (View: 7, DB: 2) | 200 OK [http://0.0.0.0/posts.json]
  [4;35;1mSQL (0.1ms)[0m   [0mSET NAMES 'utf8'[0m
  [4;36;1mSQL (0.1ms)[0m   [0;1mSET SQL_AUTO_IS_NULL=0[0m


Processing ApplicationController#index (for 127.0.0.1 at 2009-05-17 13:41:04) [GET]

ActionController::RoutingError (No route matches "/Frameworks/AppKit/AppKit.j" with {:method=>:get}):
  

Rendering rescues/layout (not_found)
  [4;35;1mSQL (0.1ms)[0m   [0mSET NAMES 'utf8'[0m
  [4;36;1mSQL (0.1ms)[0m   [0;1mSET SQL_AUTO_IS_NULL=0[0m


Processing ApplicationController#index (for 127.0.0.1 at 2009-05-17 13:41:04) [GET]

ActionController::RoutingError (No route matches "/Frameworks/Foundation/Foundation.j" with {:method=>:get}):
  

Rendering rescues/layout (not_found)
  [4;35;1mSQL (0.1ms)[0m   [0mSET NAMES 'utf8'[0m
  [4;36;1mSQL (0.1ms)[0m   [0;1mSET SQL_AUTO_IS_NULL=0[0m


Processing PostsController#index to json (for 127.0.0.1 at 2009-05-17 13:41:05) [GET]
  [4;35;1mPost Load (0.3ms)[0m   [0mSELECT * FROM `posts` [0m
  [4;36;1mPost Columns (1.4ms)[0m   [0;1mSHOW FIELDS FROM `posts`[0m
Completed in 27ms (View: 7, DB: 2) | 200 OK [http://0.0.0.0/posts.json]
  [4;35;1mSQL (0.1ms)[0m   [0mSET NAMES 'utf8'[0m
  [4;36;1mSQL (0.1ms)[0m   [0;1mSET SQL_AUTO_IS_NULL=0[0m


Processing ApplicationController#index (for 127.0.0.1 at 2009-05-17 13:49:23) [GET]

ActionController::RoutingError (No route matches "/Frameworks/Foundation/Foundation.j" with {:method=>:get}):
  

Rendering rescues/layout (not_found)
  [4;35;1mSQL (0.1ms)[0m   [0mSET NAMES 'utf8'[0m
  [4;36;1mSQL (0.1ms)[0m   [0;1mSET SQL_AUTO_IS_NULL=0[0m


Processing ApplicationController#index (for 127.0.0.1 at 2009-05-17 13:49:23) [GET]

ActionController::RoutingError (No route matches "/Frameworks/AppKit/AppKit.j" with {:method=>:get}):
  

Rendering rescues/layout (not_found)
  [4;35;1mSQL (0.1ms)[0m   [0mSET NAMES 'utf8'[0m
  [4;36;1mSQL (0.1ms)[0m   [0;1mSET SQL_AUTO_IS_NULL=0[0m


Processing PostsController#index to json (for 127.0.0.1 at 2009-05-17 13:49:24) [GET]
Filter chain halted as [:authenticate] rendered_or_redirected.
Completed in 8ms (View: 1, DB: 0) | 401 Unauthorized [http://0.0.0.0/posts.json]
  [4;35;1mSQL (0.1ms)[0m   [0mSET NAMES 'utf8'[0m
  [4;36;1mSQL (0.1ms)[0m   [0;1mSET SQL_AUTO_IS_NULL=0[0m


Processing PostsController#index to json (for 127.0.0.1 at 2009-05-17 13:49:24) [GET]
  [4;35;1mPost Load (0.3ms)[0m   [0mSELECT * FROM `posts` [0m
  [4;36;1mPost Columns (4.1ms)[0m   [0;1mSHOW FIELDS FROM `posts`[0m
Completed in 46ms (View: 16, DB: 5) | 200 OK [http://0.0.0.0/posts.json]
  [4;35;1mSQL (0.1ms)[0m   [0mSET NAMES 'utf8'[0m
  [4;36;1mSQL (0.2ms)[0m   [0;1mSET SQL_AUTO_IS_NULL=0[0m


Processing ApplicationController#index (for 127.0.0.1 at 2009-05-17 13:49:32) [GET]

ActionController::RoutingError (No route matches "/Frameworks/AppKit/AppKit.j" with {:method=>:get}):
  

Rendering rescues/layout (not_found)
  [4;35;1mSQL (0.1ms)[0m   [0mSET NAMES 'utf8'[0m
  [4;36;1mSQL (0.1ms)[0m   [0;1mSET SQL_AUTO_IS_NULL=0[0m


Processing ApplicationController#index (for 127.0.0.1 at 2009-05-17 13:49:32) [GET]

ActionController::RoutingError (No route matches "/Frameworks/Foundation/Foundation.j" with {:method=>:get}):
  

Rendering rescues/layout (not_found)
  [4;35;1mSQL (0.1ms)[0m   [0mSET NAMES 'utf8'[0m
  [4;36;1mSQL (0.1ms)[0m   [0;1mSET SQL_AUTO_IS_NULL=0[0m


Processing PostsController#index to json (for 127.0.0.1 at 2009-05-17 13:49:33) [GET]
  [4;35;1mPost Load (0.3ms)[0m   [0mSELECT * FROM `posts` [0m
  [4;36;1mPost Columns (1.7ms)[0m   [0;1mSHOW FIELDS FROM `posts`[0m
Completed in 32ms (View: 8, DB: 2) | 200 OK [http://0.0.0.0/posts.json]
  [4;35;1mSQL (0.1ms)[0m   [0mSET NAMES 'utf8'[0m
  [4;36;1mSQL (0.1ms)[0m   [0;1mSET SQL_AUTO_IS_NULL=0[0m


Processing ApplicationController#index (for 127.0.0.1 at 2009-05-17 13:49:37) [GET]

ActionController::RoutingError (No route matches "/Frameworks/AppKit/AppKit.j" with {:method=>:get}):
  

Rendering rescues/layout (not_found)
  [4;35;1mSQL (0.1ms)[0m   [0mSET NAMES 'utf8'[0m
  [4;36;1mSQL (0.1ms)[0m   [0;1mSET SQL_AUTO_IS_NULL=0[0m


Processing ApplicationController#index (for 127.0.0.1 at 2009-05-17 13:49:37) [GET]

ActionController::RoutingError (No route matches "/Frameworks/Foundation/Foundation.j" with {:method=>:get}):
  

Rendering rescues/layout (not_found)
  [4;35;1mSQL (0.1ms)[0m   [0mSET NAMES 'utf8'[0m
  [4;36;1mSQL (0.1ms)[0m   [0;1mSET SQL_AUTO_IS_NULL=0[0m


Processing PostsController#index to json (for 127.0.0.1 at 2009-05-17 13:49:38) [GET]
  [4;35;1mPost Load (0.3ms)[0m   [0mSELECT * FROM `posts` [0m
  [4;36;1mPost Columns (1.9ms)[0m   [0;1mSHOW FIELDS FROM `posts`[0m
Completed in 32ms (View: 8, DB: 2) | 200 OK [http://0.0.0.0/posts.json]
  [4;35;1mSQL (0.1ms)[0m   [0mSET NAMES 'utf8'[0m
  [4;36;1mSQL (0.3ms)[0m   [0;1mSET SQL_AUTO_IS_NULL=0[0m


Processing PostsController#update to json (for 127.0.0.1 at 2009-05-17 13:49:49) [PUT]
  Parameters: {"post"=>{"body"=>"And the body modified", "title"=>"This is the title modif"}, "id"=>"20"}
  [4;35;1mPost Columns (249.0ms)[0m   [0mSHOW FIELDS FROM `posts`[0m
  [4;36;1mPost Load (0.7ms)[0m   [0;1mSELECT * FROM `posts` WHERE (`posts`.`id` = 20) [0m
  [4;35;1mSQL (0.1ms)[0m   [0mBEGIN[0m
  [4;36;1mPost Update (0.5ms)[0m   [0;1mUPDATE `posts` SET `updated_at` = '2009-05-17 11:49:49', `title` = 'This is the title modif', `body` = 'And the body modified' WHERE `id` = 20[0m
  [4;35;1mSQL (0.5ms)[0m   [0mCOMMIT[0m
Completed in 281ms (View: 1, DB: 251) | 406 Not Acceptable [http://0.0.0.0/posts/20.json]
  [4;36;1mSQL (0.1ms)[0m   [0;1mSET NAMES 'utf8'[0m
  [4;35;1mSQL (0.1ms)[0m   [0mSET SQL_AUTO_IS_NULL=0[0m


Processing PostsController#index to json (for 127.0.0.1 at 2009-05-17 13:49:49) [GET]
  [4;36;1mPost Load (0.3ms)[0m   [0;1mSELECT * FROM `posts` [0m
  [4;35;1mPost Columns (1.9ms)[0m   [0mSHOW FIELDS FROM `posts`[0m
Completed in 27ms (View: 7, DB: 2) | 200 OK [http://0.0.0.0/posts.json]
  [4;36;1mSQL (0.1ms)[0m   [0;1mSET NAMES 'utf8'[0m
  [4;35;1mSQL (0.1ms)[0m   [0mSET SQL_AUTO_IS_NULL=0[0m


Processing ApplicationController#index (for 127.0.0.1 at 2009-05-17 13:55:32) [GET]

ActionController::RoutingError (No route matches "/Frameworks/Foundation/Foundation.j" with {:method=>:get}):
  

Rendering rescues/layout (not_found)
  [4;36;1mSQL (0.1ms)[0m   [0;1mSET NAMES 'utf8'[0m
  [4;35;1mSQL (0.1ms)[0m   [0mSET SQL_AUTO_IS_NULL=0[0m


Processing ApplicationController#index (for 127.0.0.1 at 2009-05-17 13:55:32) [GET]

ActionController::RoutingError (No route matches "/Frameworks/AppKit/AppKit.j" with {:method=>:get}):
  

Rendering rescues/layout (not_found)
  [4;36;1mSQL (0.1ms)[0m   [0;1mSET NAMES 'utf8'[0m
  [4;35;1mSQL (0.3ms)[0m   [0mSET SQL_AUTO_IS_NULL=0[0m


Processing PostsController#index to json (for 127.0.0.1 at 2009-05-17 13:55:33) [GET]
Filter chain halted as [:authenticate] rendered_or_redirected.
Completed in 6ms (View: 1, DB: 0) | 401 Unauthorized [http://0.0.0.0/posts.json]
  [4;36;1mSQL (0.1ms)[0m   [0;1mSET NAMES 'utf8'[0m
  [4;35;1mSQL (0.2ms)[0m   [0mSET SQL_AUTO_IS_NULL=0[0m


Processing PostsController#index to json (for 127.0.0.1 at 2009-05-17 13:55:33) [GET]
  [4;36;1mPost Load (2.4ms)[0m   [0;1mSELECT * FROM `posts` [0m
  [4;35;1mPost Columns (1.4ms)[0m   [0mSHOW FIELDS FROM `posts`[0m
Completed in 47ms (View: 12, DB: 4) | 200 OK [http://0.0.0.0/posts.json]
  [4;36;1mSQL (0.1ms)[0m   [0;1mSET NAMES 'utf8'[0m
  [4;35;1mSQL (0.1ms)[0m   [0mSET SQL_AUTO_IS_NULL=0[0m


Processing PostsController#destroy to json (for 127.0.0.1 at 2009-05-17 13:55:38) [DELETE]
  Parameters: {"id"=>"20"}
  [4;36;1mPost Columns (1.5ms)[0m   [0;1mSHOW FIELDS FROM `posts`[0m
  [4;35;1mPost Load (0.2ms)[0m   [0mSELECT * FROM `posts` WHERE (`posts`.`id` = 20) [0m
  [4;36;1mSQL (0.1ms)[0m   [0;1mBEGIN[0m
  [4;35;1mPost Destroy (0.2ms)[0m   [0mDELETE FROM `posts` WHERE `id` = 20[0m
  [4;36;1mSQL (0.5ms)[0m   [0;1mCOMMIT[0m
Completed in 24ms (View: 1, DB: 3) | 406 Not Acceptable [http://0.0.0.0/posts/20.json]
  [4;35;1mSQL (0.1ms)[0m   [0mSET NAMES 'utf8'[0m
  [4;36;1mSQL (0.1ms)[0m   [0;1mSET SQL_AUTO_IS_NULL=0[0m


Processing PostsController#index to json (for 127.0.0.1 at 2009-05-17 13:55:38) [GET]
  [4;35;1mPost Load (0.3ms)[0m   [0mSELECT * FROM `posts` [0m
  [4;36;1mPost Columns (1.4ms)[0m   [0;1mSHOW FIELDS FROM `posts`[0m
Completed in 26ms (View: 6, DB: 2) | 200 OK [http://0.0.0.0/posts.json]
  [4;35;1mSQL (0.1ms)[0m   [0mSET NAMES 'utf8'[0m
  [4;36;1mSQL (0.1ms)[0m   [0;1mSET SQL_AUTO_IS_NULL=0[0m


Processing PostsController#create to json (for 127.0.0.1 at 2009-05-17 13:55:52) [POST]
  Parameters: {"post"=>{"body"=>"another body", "title"=>"Another post"}}
  [4;35;1mPost Columns (174.6ms)[0m   [0mSHOW FIELDS FROM `posts`[0m
  [4;36;1mSQL (0.1ms)[0m   [0;1mBEGIN[0m
  [4;35;1mPost Create (0.2ms)[0m   [0mINSERT INTO `posts` (`created_at`, `title`, `body`, `updated_at`) VALUES('2009-05-17 11:55:52', 'Another post', 'another body', '2009-05-17 11:55:52')[0m
  [4;36;1mSQL (1.1ms)[0m   [0;1mCOMMIT[0m
Completed in 207ms (View: 4, DB: 176) | 201 Created [http://0.0.0.0/posts.json]
  [4;35;1mSQL (0.1ms)[0m   [0mSET NAMES 'utf8'[0m
  [4;36;1mSQL (0.1ms)[0m   [0;1mSET SQL_AUTO_IS_NULL=0[0m


Processing PostsController#index to json (for 127.0.0.1 at 2009-05-17 13:55:52) [GET]
  [4;35;1mPost Load (0.3ms)[0m   [0mSELECT * FROM `posts` [0m
  [4;36;1mPost Columns (2.7ms)[0m   [0;1mSHOW FIELDS FROM `posts`[0m
Completed in 28ms (View: 7, DB: 3) | 200 OK [http://0.0.0.0/posts.json]
  [4;35;1mSQL (0.1ms)[0m   [0mSET NAMES 'utf8'[0m
  [4;36;1mSQL (0.1ms)[0m   [0;1mSET SQL_AUTO_IS_NULL=0[0m


Processing PostsController#index to atom (for 127.0.0.1 at 2009-05-17 13:57:13) [GET]
Filter chain halted as [:authenticate] rendered_or_redirected.
Completed in 2ms (View: 1, DB: 0) | 401 Unauthorized [http://0.0.0.0/posts.atom]
  [4;35;1mSQL (0.1ms)[0m   [0mSET NAMES 'utf8'[0m
  [4;36;1mSQL (0.1ms)[0m   [0;1mSET SQL_AUTO_IS_NULL=0[0m


Processing PostsController#index to atom (for 127.0.0.1 at 2009-05-17 13:57:14) [GET]
Filter chain halted as [:authenticate] rendered_or_redirected.
Completed in 2ms (View: 1, DB: 0) | 401 Unauthorized [http://0.0.0.0/posts.atom]
  [4;36;1mSQL (0.5ms)[0m   [0;1mSET NAMES 'utf8'[0m
  [4;35;1mSQL (2.2ms)[0m   [0mSET SQL_AUTO_IS_NULL=0[0m


Processing ApplicationController#index (for 127.0.0.1 at 2009-05-17 19:47:32) [GET]

ActionController::RoutingError (No route matches "/Frameworks/AppKit/AppKit.j" with {:method=>:get}):
  

Rendering rescues/layout (not_found)
  [4;36;1mSQL (0.1ms)[0m   [0;1mSET NAMES 'utf8'[0m
  [4;35;1mSQL (0.6ms)[0m   [0mSET SQL_AUTO_IS_NULL=0[0m


Processing ApplicationController#index (for 127.0.0.1 at 2009-05-17 19:47:33) [GET]

ActionController::RoutingError (No route matches "/Frameworks/Foundation/Foundation.j" with {:method=>:get}):
  

Rendering rescues/layout (not_found)
  [4;36;1mSQL (0.2ms)[0m   [0;1mSET NAMES 'utf8'[0m
  [4;35;1mSQL (0.1ms)[0m   [0mSET SQL_AUTO_IS_NULL=0[0m


Processing ApplicationController#index (for 127.0.0.1 at 2009-05-17 19:47:52) [GET]

ActionController::RoutingError (No route matches "/Frameworks/AppKit/AppKit.j" with {:method=>:get}):
  

Rendering rescues/layout (not_found)
  [4;36;1mSQL (0.1ms)[0m   [0;1mSET NAMES 'utf8'[0m
  [4;35;1mSQL (0.1ms)[0m   [0mSET SQL_AUTO_IS_NULL=0[0m


Processing ApplicationController#index (for 127.0.0.1 at 2009-05-17 19:47:53) [GET]

ActionController::RoutingError (No route matches "/Frameworks/Foundation/Foundation.j" with {:method=>:get}):
  

Rendering rescues/layout (not_found)
  [4;36;1mSQL (0.1ms)[0m   [0;1mSET NAMES 'utf8'[0m
  [4;35;1mSQL (0.1ms)[0m   [0mSET SQL_AUTO_IS_NULL=0[0m


Processing PostsController#index to json (for 127.0.0.1 at 2009-05-17 19:47:54) [GET]
Filter chain halted as [:authenticate] rendered_or_redirected.
Completed in 7ms (View: 7, DB: 0) | 401 Unauthorized [http://0.0.0.0/posts.json]
  [4;36;1mSQL (0.1ms)[0m   [0;1mSET NAMES 'utf8'[0m
  [4;35;1mSQL (0.1ms)[0m   [0mSET SQL_AUTO_IS_NULL=0[0m


Processing PostsController#index to json (for 127.0.0.1 at 2009-05-17 19:47:54) [GET]
  [4;36;1mPost Load (0.4ms)[0m   [0;1mSELECT * FROM `posts` [0m
  [4;35;1mPost Columns (1.5ms)[0m   [0mSHOW FIELDS FROM `posts`[0m
Completed in 354ms (View: 277, DB: 2) | 200 OK [http://0.0.0.0/posts.json]
  [4;36;1mSQL (0.1ms)[0m   [0;1mSET NAMES 'utf8'[0m
  [4;35;1mSQL (0.1ms)[0m   [0mSET SQL_AUTO_IS_NULL=0[0m


Processing PostsController#update to json (for 127.0.0.1 at 2009-05-17 19:48:14) [PUT]
  Parameters: {"post"=>{"body"=>"And the body modified", "title"=>"This is the title modif"}, "id"=>"24"}
  [4;36;1mPost Columns (676.3ms)[0m   [0;1mSHOW FIELDS FROM `posts`[0m
  [4;35;1mPost Load (0.2ms)[0m   [0mSELECT * FROM `posts` WHERE (`posts`.`id` = 24) [0m
  [4;36;1mSQL (0.1ms)[0m   [0;1mBEGIN[0m
  [4;35;1mPost Update (0.2ms)[0m   [0mUPDATE `posts` SET `updated_at` = '2009-05-17 17:48:15', `title` = 'This is the title modif', `body` = 'And the body modified' WHERE `id` = 24[0m
  [4;36;1mSQL (0.5ms)[0m   [0;1mCOMMIT[0m
Completed in 705ms (View: 1, DB: 677) | 406 Not Acceptable [http://0.0.0.0/posts/24.json]
  [4;35;1mSQL (0.1ms)[0m   [0mSET NAMES 'utf8'[0m
  [4;36;1mSQL (0.1ms)[0m   [0;1mSET SQL_AUTO_IS_NULL=0[0m


Processing PostsController#index to json (for 127.0.0.1 at 2009-05-17 19:48:15) [GET]
  [4;35;1mPost Load (0.3ms)[0m   [0mSELECT * FROM `posts` [0m
  [4;36;1mPost Columns (1.4ms)[0m   [0;1mSHOW FIELDS FROM `posts`[0m
Completed in 27ms (View: 7, DB: 2) | 200 OK [http://0.0.0.0/posts.json]
  [4;35;1mSQL (0.1ms)[0m   [0mSET NAMES 'utf8'[0m
  [4;36;1mSQL (0.1ms)[0m   [0;1mSET SQL_AUTO_IS_NULL=0[0m


Processing PostsController#create to json (for 127.0.0.1 at 2009-05-17 19:48:21) [POST]
  Parameters: {"post"=>{"body"=>"barbar", "title"=>"foo"}}
  [4;35;1mPost Columns (2.5ms)[0m   [0mSHOW FIELDS FROM `posts`[0m
  [4;36;1mSQL (0.1ms)[0m   [0;1mBEGIN[0m
  [4;35;1mPost Create (0.2ms)[0m   [0mINSERT INTO `posts` (`created_at`, `title`, `body`, `updated_at`) VALUES('2009-05-17 17:48:21', 'foo', 'barbar', '2009-05-17 17:48:21')[0m
  [4;36;1mSQL (0.4ms)[0m   [0;1mCOMMIT[0m
Completed in 34ms (View: 5, DB: 3) | 201 Created [http://0.0.0.0/posts.json]
  [4;35;1mSQL (0.1ms)[0m   [0mSET NAMES 'utf8'[0m
  [4;36;1mSQL (0.1ms)[0m   [0;1mSET SQL_AUTO_IS_NULL=0[0m


Processing PostsController#index to json (for 127.0.0.1 at 2009-05-17 19:48:22) [GET]
  [4;35;1mPost Load (0.3ms)[0m   [0mSELECT * FROM `posts` [0m
  [4;36;1mPost Columns (1.5ms)[0m   [0;1mSHOW FIELDS FROM `posts`[0m
Completed in 29ms (View: 8, DB: 2) | 200 OK [http://0.0.0.0/posts.json]
  [4;35;1mSQL (0.1ms)[0m   [0mSET NAMES 'utf8'[0m
  [4;36;1mSQL (0.1ms)[0m   [0;1mSET SQL_AUTO_IS_NULL=0[0m


Processing PostsController#destroy to json (for 127.0.0.1 at 2009-05-17 19:48:25) [DELETE]
  Parameters: {"id"=>"25"}
  [4;35;1mPost Columns (1.6ms)[0m   [0mSHOW FIELDS FROM `posts`[0m
  [4;36;1mPost Load (0.2ms)[0m   [0;1mSELECT * FROM `posts` WHERE (`posts`.`id` = 25) [0m
  [4;35;1mSQL (0.1ms)[0m   [0mBEGIN[0m
  [4;36;1mPost Destroy (0.1ms)[0m   [0;1mDELETE FROM `posts` WHERE `id` = 25[0m
  [4;35;1mSQL (0.4ms)[0m   [0mCOMMIT[0m
Completed in 25ms (View: 1, DB: 3) | 406 Not Acceptable [http://0.0.0.0/posts/25.json]
  [4;36;1mSQL (0.2ms)[0m   [0;1mSET NAMES 'utf8'[0m
  [4;35;1mSQL (0.1ms)[0m   [0mSET SQL_AUTO_IS_NULL=0[0m


Processing PostsController#index to json (for 127.0.0.1 at 2009-05-17 19:48:25) [GET]
  [4;36;1mPost Load (0.3ms)[0m   [0;1mSELECT * FROM `posts` [0m
  [4;35;1mPost Columns (1.4ms)[0m   [0mSHOW FIELDS FROM `posts`[0m
Completed in 28ms (View: 7, DB: 2) | 200 OK [http://0.0.0.0/posts.json]
  [4;36;1mSQL (0.1ms)[0m   [0;1mSET NAMES 'utf8'[0m
  [4;35;1mSQL (0.1ms)[0m   [0mSET SQL_AUTO_IS_NULL=0[0m


Processing PostsController#destroy to json (for 127.0.0.1 at 2009-05-17 19:49:32) [DELETE]
  Parameters: {"id"=>"24"}
Filter chain halted as [:authenticate] rendered_or_redirected.
Completed in 2ms (View: 1, DB: 0) | 401 Unauthorized [http://0.0.0.0/posts/24.json]
  [4;36;1mSQL (0.1ms)[0m   [0;1mSET NAMES 'utf8'[0m
  [4;35;1mSQL (0.1ms)[0m   [0mSET SQL_AUTO_IS_NULL=0[0m


Processing PostsController#destroy to json (for 127.0.0.1 at 2009-05-17 19:49:32) [DELETE]
  Parameters: {"id"=>"24"}
  [4;36;1mPost Columns (1.7ms)[0m   [0;1mSHOW FIELDS FROM `posts`[0m
  [4;35;1mPost Load (0.2ms)[0m   [0mSELECT * FROM `posts` WHERE (`posts`.`id` = 24) [0m
  [4;36;1mSQL (0.1ms)[0m   [0;1mBEGIN[0m
  [4;35;1mPost Destroy (0.1ms)[0m   [0mDELETE FROM `posts` WHERE `id` = 24[0m
  [4;36;1mSQL (0.4ms)[0m   [0;1mCOMMIT[0m
Completed in 25ms (View: 1, DB: 3) | 406 Not Acceptable [http://0.0.0.0/posts/24.json]
  [4;35;1mSQL (0.1ms)[0m   [0mSET NAMES 'utf8'[0m
  [4;36;1mSQL (0.1ms)[0m   [0;1mSET SQL_AUTO_IS_NULL=0[0m


Processing PostsController#index to json (for 127.0.0.1 at 2009-05-17 19:49:32) [GET]
Filter chain halted as [:authenticate] rendered_or_redirected.
Completed in 2ms (View: 1, DB: 0) | 401 Unauthorized [http://0.0.0.0/posts.json]
  [4;35;1mSQL (0.1ms)[0m   [0mSET NAMES 'utf8'[0m
  [4;36;1mSQL (0.1ms)[0m   [0;1mSET SQL_AUTO_IS_NULL=0[0m


Processing PostsController#index to json (for 127.0.0.1 at 2009-05-17 19:49:32) [GET]
  [4;35;1mPost Load (0.2ms)[0m   [0mSELECT * FROM `posts` [0m
  [4;36;1mPost Columns (1.4ms)[0m   [0;1mSHOW FIELDS FROM `posts`[0m
Completed in 26ms (View: 6, DB: 2) | 200 OK [http://0.0.0.0/posts.json]
  [4;35;1mSQL (0.1ms)[0m   [0mSET NAMES 'utf8'[0m
  [4;36;1mSQL (0.1ms)[0m   [0;1mSET SQL_AUTO_IS_NULL=0[0m


Processing PostsController#index to atom (for 127.0.0.1 at 2009-05-17 19:57:55) [GET]
Filter chain halted as [:authenticate] rendered_or_redirected.
Completed in 2ms (View: 1, DB: 0) | 401 Unauthorized [http://0.0.0.0/posts.atom]
  [4;35;1mSQL (0.1ms)[0m   [0mSET NAMES 'utf8'[0m
  [4;36;1mSQL (0.1ms)[0m   [0;1mSET SQL_AUTO_IS_NULL=0[0m


Processing PostsController#index to atom (for 127.0.0.1 at 2009-05-17 19:57:55) [GET]
Filter chain halted as [:authenticate] rendered_or_redirected.
Completed in 2ms (View: 1, DB: 0) | 401 Unauthorized [http://0.0.0.0/posts.atom]
  [4;35;1mSQL (0.1ms)[0m   [0mSET NAMES 'utf8'[0m
  [4;36;1mSQL (0.1ms)[0m   [0;1mSET SQL_AUTO_IS_NULL=0[0m


Processing PostsController#index to atom (for 127.0.0.1 at 2009-05-17 20:28:12) [GET]
Filter chain halted as [:authenticate] rendered_or_redirected.
Completed in 2ms (View: 1, DB: 0) | 401 Unauthorized [http://0.0.0.0/posts.atom]
  [4;35;1mSQL (0.1ms)[0m   [0mSET NAMES 'utf8'[0m
  [4;36;1mSQL (0.1ms)[0m   [0;1mSET SQL_AUTO_IS_NULL=0[0m


Processing PostsController#index to atom (for 127.0.0.1 at 2009-05-17 20:28:12) [GET]
Filter chain halted as [:authenticate] rendered_or_redirected.
Completed in 2ms (View: 1, DB: 0) | 401 Unauthorized [http://0.0.0.0/posts.atom]
  [4;35;1mSQL (0.1ms)[0m   [0mSET NAMES 'utf8'[0m
  [4;36;1mSQL (0.1ms)[0m   [0;1mSET SQL_AUTO_IS_NULL=0[0m


Processing PostsController#index to atom (for 127.0.0.1 at 2009-05-17 20:58:29) [GET]
Filter chain halted as [:authenticate] rendered_or_redirected.
Completed in 2ms (View: 1, DB: 0) | 401 Unauthorized [http://0.0.0.0/posts.atom]
  [4;35;1mSQL (0.1ms)[0m   [0mSET NAMES 'utf8'[0m
  [4;36;1mSQL (0.1ms)[0m   [0;1mSET SQL_AUTO_IS_NULL=0[0m


Processing PostsController#index to atom (for 127.0.0.1 at 2009-05-17 20:58:29) [GET]
Filter chain halted as [:authenticate] rendered_or_redirected.
Completed in 2ms (View: 1, DB: 0) | 401 Unauthorized [http://0.0.0.0/posts.atom]
  [4;35;1mSQL (0.1ms)[0m   [0mSET NAMES 'utf8'[0m
  [4;36;1mSQL (0.1ms)[0m   [0;1mSET SQL_AUTO_IS_NULL=0[0m


Processing PostsController#index (for 127.0.0.1 at 2009-05-17 21:24:50) [GET]
Filter chain halted as [:authenticate] rendered_or_redirected.
Completed in 2ms (View: 1, DB: 0) | 401 Unauthorized [http://0.0.0.0/posts]
  [4;35;1mSQL (0.1ms)[0m   [0mSET NAMES 'utf8'[0m
  [4;36;1mSQL (0.1ms)[0m   [0;1mSET SQL_AUTO_IS_NULL=0[0m


Processing PostsController#index (for 127.0.0.1 at 2009-05-17 21:24:50) [GET]
  [4;35;1mPost Load (0.3ms)[0m   [0mSELECT * FROM `posts` [0m
Rendering template within layouts/posts
Rendering posts/index
  [4;36;1mPost Columns (1.4ms)[0m   [0;1mSHOW FIELDS FROM `posts`[0m
Rendered posts/_post (8.4ms)
Rendered posts/_post (2.5ms)
Completed in 92ms (View: 54, DB: 2) | 200 OK [http://0.0.0.0/posts]
  [4;35;1mSQL (0.1ms)[0m   [0mSET NAMES 'utf8'[0m
  [4;36;1mSQL (0.1ms)[0m   [0;1mSET SQL_AUTO_IS_NULL=0[0m


Processing PostsController#index to atom (for 127.0.0.1 at 2009-05-17 21:29:16) [GET]
Filter chain halted as [:authenticate] rendered_or_redirected.
Completed in 2ms (View: 1, DB: 0) | 401 Unauthorized [http://0.0.0.0/posts.atom]
  [4;35;1mSQL (0.1ms)[0m   [0mSET NAMES 'utf8'[0m
  [4;36;1mSQL (0.2ms)[0m   [0;1mSET SQL_AUTO_IS_NULL=0[0m


Processing PostsController#index to atom (for 127.0.0.1 at 2009-05-17 21:29:17) [GET]
Filter chain halted as [:authenticate] rendered_or_redirected.
Completed in 2ms (View: 1, DB: 0) | 401 Unauthorized [http://0.0.0.0/posts.atom]
  [4;35;1mSQL (0.1ms)[0m   [0mSET NAMES 'utf8'[0m
  [4;36;1mSQL (0.1ms)[0m   [0;1mSET SQL_AUTO_IS_NULL=0[0m


Processing PostsController#index to atom (for 127.0.0.1 at 2009-05-17 21:59:34) [GET]
Filter chain halted as [:authenticate] rendered_or_redirected.
Completed in 2ms (View: 1, DB: 0) | 401 Unauthorized [http://0.0.0.0/posts.atom]
  [4;35;1mSQL (0.1ms)[0m   [0mSET NAMES 'utf8'[0m
  [4;36;1mSQL (0.1ms)[0m   [0;1mSET SQL_AUTO_IS_NULL=0[0m


Processing PostsController#index to atom (for 127.0.0.1 at 2009-05-17 21:59:34) [GET]
Filter chain halted as [:authenticate] rendered_or_redirected.
Completed in 2ms (View: 1, DB: 0) | 401 Unauthorized [http://0.0.0.0/posts.atom]
  [4;36;1mSQL (0.6ms)[0m   [0;1mSET NAMES 'utf8'[0m
  [4;35;1mSQL (0.3ms)[0m   [0mSET SQL_AUTO_IS_NULL=0[0m


Processing ApplicationController#index (for 127.0.0.1 at 2009-05-18 10:48:56) [GET]

ActionController::RoutingError (No route matches "/Frameworks/AppKit/AppKit.j" with {:method=>:get}):
  

Rendering rescues/layout (not_found)
  [4;36;1mSQL (0.1ms)[0m   [0;1mSET NAMES 'utf8'[0m
  [4;35;1mSQL (0.1ms)[0m   [0mSET SQL_AUTO_IS_NULL=0[0m


Processing ApplicationController#index (for 127.0.0.1 at 2009-05-18 10:48:57) [GET]

ActionController::RoutingError (No route matches "/Frameworks/Foundation/Foundation.j" with {:method=>:get}):
  

Rendering rescues/layout (not_found)
  [4;36;1mSQL (0.2ms)[0m   [0;1mSET NAMES 'utf8'[0m
  [4;35;1mSQL (0.2ms)[0m   [0mSET SQL_AUTO_IS_NULL=0[0m


Processing PostsController#index to json (for 127.0.0.1 at 2009-05-18 10:48:58) [GET]
Filter chain halted as [:authenticate] rendered_or_redirected.
Completed in 104ms (View: 100, DB: 0) | 401 Unauthorized [http://0.0.0.0/posts.json]
  [4;36;1mSQL (0.1ms)[0m   [0;1mSET NAMES 'utf8'[0m
  [4;35;1mSQL (0.1ms)[0m   [0mSET SQL_AUTO_IS_NULL=0[0m


Processing PostsController#index to json (for 127.0.0.1 at 2009-05-18 10:48:58) [GET]
  [4;36;1mPost Load (0.4ms)[0m   [0;1mSELECT * FROM `posts` [0m
  [4;35;1mPost Columns (1.4ms)[0m   [0mSHOW FIELDS FROM `posts`[0m
Completed in 441ms (View: 336, DB: 2) | 200 OK [http://0.0.0.0/posts.json]
  [4;36;1mSQL (0.1ms)[0m   [0;1mSET NAMES 'utf8'[0m
  [4;35;1mSQL (0.1ms)[0m   [0mSET SQL_AUTO_IS_NULL=0[0m


Processing PostsController#create to json (for 127.0.0.1 at 2009-05-18 10:49:03) [POST]
  Parameters: {"post"=>{"body"=>"shala", "title"=>"ahah"}}
  [4;36;1mPost Columns (1.4ms)[0m   [0;1mSHOW FIELDS FROM `posts`[0m
  [4;35;1mSQL (0.1ms)[0m   [0mBEGIN[0m
  [4;36;1mPost Create (0.2ms)[0m   [0;1mINSERT INTO `posts` (`created_at`, `title`, `body`, `updated_at`) VALUES('2009-05-18 08:49:03', 'ahah', 'shala', '2009-05-18 08:49:03')[0m
  [4;35;1mSQL (35.0ms)[0m   [0mCOMMIT[0m
Completed in 67ms (View: 4, DB: 37) | 201 Created [http://0.0.0.0/posts.json]
  [4;36;1mSQL (0.1ms)[0m   [0;1mSET NAMES 'utf8'[0m
  [4;35;1mSQL (0.1ms)[0m   [0mSET SQL_AUTO_IS_NULL=0[0m


Processing PostsController#index to json (for 127.0.0.1 at 2009-05-18 10:49:03) [GET]
  [4;36;1mPost Load (0.3ms)[0m   [0;1mSELECT * FROM `posts` [0m
  [4;35;1mPost Columns (2.1ms)[0m   [0mSHOW FIELDS FROM `posts`[0m
Completed in 28ms (View: 7, DB: 3) | 200 OK [http://0.0.0.0/posts.json]
  [4;36;1mSQL (0.1ms)[0m   [0;1mSET NAMES 'utf8'[0m
  [4;35;1mSQL (0.1ms)[0m   [0mSET SQL_AUTO_IS_NULL=0[0m


Processing PostsController#update to json (for 127.0.0.1 at 2009-05-18 10:49:09) [PUT]
  Parameters: {"post"=>{"body"=>"shala?", "title"=>"ahah!"}, "id"=>"26"}
  [4;36;1mPost Columns (156.0ms)[0m   [0;1mSHOW FIELDS FROM `posts`[0m
  [4;35;1mPost Load (1.1ms)[0m   [0mSELECT * FROM `posts` WHERE (`posts`.`id` = 26) [0m
  [4;36;1mSQL (0.1ms)[0m   [0;1mBEGIN[0m
  [4;35;1mPost Update (0.2ms)[0m   [0mUPDATE `posts` SET `updated_at` = '2009-05-18 08:49:10', `title` = 'ahah!', `body` = 'shala?' WHERE `id` = 26[0m
  [4;36;1mSQL (0.7ms)[0m   [0;1mCOMMIT[0m
Completed in 187ms (View: 1, DB: 158) | 406 Not Acceptable [http://0.0.0.0/posts/26.json]
  [4;35;1mSQL (0.1ms)[0m   [0mSET NAMES 'utf8'[0m
  [4;36;1mSQL (0.1ms)[0m   [0;1mSET SQL_AUTO_IS_NULL=0[0m


Processing PostsController#index to json (for 127.0.0.1 at 2009-05-18 10:49:10) [GET]
  [4;35;1mPost Load (0.3ms)[0m   [0mSELECT * FROM `posts` [0m
  [4;36;1mPost Columns (1.3ms)[0m   [0;1mSHOW FIELDS FROM `posts`[0m
Completed in 26ms (View: 7, DB: 2) | 200 OK [http://0.0.0.0/posts.json]
  [4;35;1mSQL (0.1ms)[0m   [0mSET NAMES 'utf8'[0m
  [4;36;1mSQL (0.1ms)[0m   [0;1mSET SQL_AUTO_IS_NULL=0[0m


Processing PostsController#destroy to json (for 127.0.0.1 at 2009-05-18 10:49:13) [DELETE]
  Parameters: {"id"=>"26"}
  [4;35;1mPost Columns (1.4ms)[0m   [0mSHOW FIELDS FROM `posts`[0m
  [4;36;1mPost Load (0.2ms)[0m   [0;1mSELECT * FROM `posts` WHERE (`posts`.`id` = 26) [0m
  [4;35;1mSQL (0.1ms)[0m   [0mBEGIN[0m
  [4;36;1mPost Destroy (0.2ms)[0m   [0;1mDELETE FROM `posts` WHERE `id` = 26[0m
  [4;35;1mSQL (0.5ms)[0m   [0mCOMMIT[0m
Completed in 25ms (View: 1, DB: 3) | 406 Not Acceptable [http://0.0.0.0/posts/26.json]
  [4;36;1mSQL (0.1ms)[0m   [0;1mSET NAMES 'utf8'[0m
  [4;35;1mSQL (0.1ms)[0m   [0mSET SQL_AUTO_IS_NULL=0[0m


Processing PostsController#index to json (for 127.0.0.1 at 2009-05-18 10:49:13) [GET]
  [4;36;1mPost Load (0.3ms)[0m   [0;1mSELECT * FROM `posts` [0m
  [4;35;1mPost Columns (1.3ms)[0m   [0mSHOW FIELDS FROM `posts`[0m
Completed in 26ms (View: 6, DB: 2) | 200 OK [http://0.0.0.0/posts.json]
